#
# There is insufficient memory for the Java Runtime Environment to continue.
# Native memory allocation (mmap) failed to map 152043520 bytes for committing reserved memory.
# Possible reasons:
#   The system is out of physical RAM or swap space
#   The process is running with CompressedOops enabled, and the Java Heap may be blocking the growth of the native heap
# Possible solutions:
#   Reduce memory load on the system
#   Increase physical memory or swap space
#   Check if swap backing store is full
#   Decrease Java heap size (-Xmx/-Xms)
#   Decrease number of Java threads
#   Decrease Java thread stack sizes (-Xss)
#   Set larger code cache with -XX:ReservedCodeCacheSize=
#   JVM is running with Unscaled Compressed Oops mode in which the Java heap is
#     placed in the first 4GB address space. The Java Heap base address is the
#     maximum limit for the native heap growth. Please use -XX:HeapBaseMinAddress
#     to set the Java Heap base and to place the Java Heap above 4GB virtual address.
# This output file may be truncated or incomplete.
#
#  Out of Memory Error (os_linux.cpp:2779), pid=4031124, tid=4031133
#
# JRE version: OpenJDK Runtime Environment (Red_Hat-17.0.6.0.9-0.3.ea.el8) (17.0.6+9) (build 17.0.6-ea+9-LTS)
# Java VM: OpenJDK 64-Bit Server VM (Red_Hat-17.0.6.0.9-0.3.ea.el8) (17.0.6-ea+9-LTS, mixed mode, sharing, tiered, compressed oops, compressed class ptrs, g1 gc, linux-amd64)
# Core dump will be written. Default location: Core dumps may be processed with "/usr/lib/systemd/systemd-coredump %P %u %g %s %t %c %h %e" (or dumping to /root/folder_name/job4joblessbackend/src/main/java/com/demo/oragejobsite/core.4031124)
#

---------------  S U M M A R Y ------------

Command Line: /root/folder_name/job4joblessbackend/target/oragejobsite-0.0.1-SNAPSHOT.jar

Host: DO-Regular, 2 cores, 3G, CentOS Stream release 8
Time: Sat Mar  2 12:21:37 2024 UTC elapsed time: 21776.113791 seconds (0d 6h 2m 56s)

---------------  T H R E A D  ---------------

Current thread (0x00007f74b80c0a70):  VMThread "VM Thread" [stack: 0x00007f74bc36f000,0x00007f74bc46f000] [id=4031133]

Stack: [0x00007f74bc36f000,0x00007f74bc46f000],  sp=0x00007f74bc46ccd0,  free space=1015k
Native frames: (J=compiled Java code, j=interpreted, Vv=VM code, C=native code)
V  [libjvm.so+0xf783b6]  VMError::report_and_die(int, char const*, char const*, __va_list_tag*, Thread*, unsigned char*, void*, void*, char const*, int, unsigned long)+0x1a6
V  [libjvm.so+0xf790bf]  VMError::report_and_die(Thread*, char const*, int, unsigned long, VMErrorType, char const*, __va_list_tag*)+0x2f
V  [libjvm.so+0x62060a]  report_vm_out_of_memory(char const*, int, unsigned long, VMErrorType, char const*, ...)+0xda
V  [libjvm.so+0xc2c7a0]  os::pd_commit_memory_or_exit(char*, unsigned long, unsigned long, bool, char const*)+0xe0
V  [libjvm.so+0xc25890]  os::commit_memory_or_exit(char*, unsigned long, unsigned long, bool, char const*)+0x30
V  [libjvm.so+0x75923c]  G1PageBasedVirtualSpace::commit(unsigned long, unsigned long)+0x17c
V  [libjvm.so+0x76d733]  G1RegionsLargerThanCommitSizeMapper::commit_regions(unsigned int, unsigned long, WorkGang*)+0x183
V  [libjvm.so+0x7f8ced]  HeapRegionManager::commit_regions(unsigned int, unsigned long, WorkGang*)+0x5d
V  [libjvm.so+0x7f9d42]  HeapRegionManager::expand(unsigned int, unsigned int, WorkGang*)+0x32
V  [libjvm.so+0x7f9f4a]  HeapRegionManager::expand_by(unsigned int, WorkGang*)+0x7a
V  [libjvm.so+0x7113d9]  G1CollectedHeap::expand(unsigned long, WorkGang*, double*)+0xe9
V  [libjvm.so+0x71579d]  G1CollectedHeap::do_collection_pause_at_safepoint_helper(double)+0xaed
V
[timeout occurred during error reporting in step "printing native stack"] after 30 s.
VM_Operation (0x00007f746c2d1de0): G1CollectForAllocation, mode: safepoint, requested by thread 0x00007f74b8bd58f0


---------------  P R O C E S S  ---------------

Threads class SMR info:
_java_thread_list=0x00007f748407bf00, length=36, elements={
0x00007f74b80c49f0, 0x00007f74b80c5dd0, 0x00007f74b80caf10, 0x00007f74b80cc2c0,
0x00007f74b80cd6d0, 0x00007f74b80cf080, 0x00007f74b80d05b0, 0x00007f74b80d1630,
0x00007f74b80d8940, 0x00007f74b80dbe00, 0x00007f74b8860ef0, 0x00007f7468002e10,
0x00007f74b89aa0e0, 0x00007f74b8b7e9e0, 0x00007f7484027780, 0x00007f74840354d0,
0x00007f748406f980, 0x00007f7484075320, 0x00007f74840763c0, 0x00007f7484077840,
0x00007f7494052ef0, 0x00007f748c005bb0, 0x00007f74b89a72d0, 0x00007f74b8bd4db0,
0x00007f74b8bd58f0, 0x00007f74b87b4770, 0x00007f74b87b56f0, 0x00007f74b8a242d0,
0x00007f74b8a252b0, 0x00007f74b8a26990, 0x00007f74b8a27880, 0x00007f74b8d9b3b0,
0x00007f74b8d22bb0, 0x00007f74b8d8f2c0, 0x00007f74b8d303a0, 0x00007f74b80254c0
}

Java Threads: ( => current thread )
  0x00007f74b80c49f0 JavaThread "Reference Handler" daemon [_thread_blocked, id=4031134, stack(0x00007f74bc26c000,0x00007f74bc36d000)]
  0x00007f74b80c5dd0 JavaThread "Finalizer" daemon [_thread_blocked, id=4031135, stack(0x00007f74bc16b000,0x00007f74bc26c000)]
  0x00007f74b80caf10 JavaThread "Signal Dispatcher" daemon [_thread_blocked, id=4031136, stack(0x00007f74bc06a000,0x00007f74bc16b000)]
  0x00007f74b80cc2c0 JavaThread "Service Thread" daemon [_thread_blocked, id=4031137, stack(0x00007f74a0e53000,0x00007f74a0f54000)]
  0x00007f74b80cd6d0 JavaThread "Monitor Deflation Thread" daemon [_thread_blocked, id=4031138, stack(0x00007f74a0d52000,0x00007f74a0e53000)]
  0x00007f74b80cf080 JavaThread "C2 CompilerThread0" daemon [_thread_blocked, id=4031139, stack(0x00007f74a0c51000,0x00007f74a0d52000)]
  0x00007f74b80d05b0 JavaThread "C1 CompilerThread0" daemon [_thread_blocked, id=4031140, stack(0x00007f74a02ff000,0x00007f74a0400000)]
  0x00007f74b80d1630 JavaThread "Sweeper thread" daemon [_thread_blocked, id=4031141, stack(0x00007f74a01fe000,0x00007f74a02ff000)]
  0x00007f74b80d8940 JavaThread "Notification Thread" daemon [_thread_blocked, id=4031142, stack(0x00007f74a00fd000,0x00007f74a01fe000)]
  0x00007f74b80dbe00 JavaThread "Common-Cleaner" daemon [_thread_blocked, id=4031144, stack(0x00007f7491dfd000,0x00007f7491efe000)]
  0x00007f74b8860ef0 JavaThread "Catalina-utility-1" [_thread_blocked, id=4031155, stack(0x00007f74901dd000,0x00007f74902de000)]
  0x00007f7468002e10 JavaThread "Catalina-utility-2" [_thread_blocked, id=4031156, stack(0x00007f74900dc000,0x00007f74901dd000)]
  0x00007f74b89aa0e0 JavaThread "container-0" [_thread_blocked, id=4031157, stack(0x00007f746deff000,0x00007f746e000000)]
  0x00007f74b8b7e9e0 JavaThread "BufferPoolPruner-1-thread-1" daemon [_thread_blocked, id=4031160, stack(0x00007f746dbfb000,0x00007f746dcfc000)]
  0x00007f7484027780 JavaThread "cluster-ClusterId{value='65e2c4c81693b0003f46b5cf', description='null'}-ac-8dmwwc3-shard-00-01.w6austi.mongodb.net:27017" daemon [_thread_blocked, id=4031169, stack(0x00007f746d9f9000,0x00007f746dafa000)]
  0x00007f74840354d0 JavaThread "cluster-rtt-ClusterId{value='65e2c4c81693b0003f46b5cf', description='null'}-ac-8dmwwc3-shard-00-01.w6austi.mongodb.net:27017" daemon [_thread_blocked, id=4031170, stack(0x00007f746d8f8000,0x00007f746d9f9000)]
  0x00007f748406f980 JavaThread "cluster-ClusterId{value='65e2c4c81693b0003f46b5cf', description='null'}-ac-8dmwwc3-shard-00-00.w6austi.mongodb.net:27017" daemon [_thread_blocked, id=4031172, stack(0x00007f746ceff000,0x00007f746d000000)]
  0x00007f7484075320 JavaThread "cluster-rtt-ClusterId{value='65e2c4c81693b0003f46b5cf', description='null'}-ac-8dmwwc3-shard-00-00.w6austi.mongodb.net:27017" daemon [_thread_blocked, id=4031173, stack(0x00007f746cdfe000,0x00007f746ceff000)]
  0x00007f74840763c0 JavaThread "cluster-ClusterId{value='65e2c4c81693b0003f46b5cf', description='null'}-ac-8dmwwc3-shard-00-02.w6austi.mongodb.net:27017" daemon [_thread_blocked, id=4031175, stack(0x00007f746ccfd000,0x00007f746cdfe000)]
  0x00007f7484077840 JavaThread "cluster-rtt-ClusterId{value='65e2c4c81693b0003f46b5cf', description='null'}-ac-8dmwwc3-shard-00-02.w6austi.mongodb.net:27017" daemon [_thread_blocked, id=4031177, stack(0x00007f746cbfc000,0x00007f746ccfd000)]
  0x00007f7494052ef0 JavaThread "MaintenanceTimer-3-thread-1" daemon [_thread_blocked, id=4031181, stack(0x00007f746c5da000,0x00007f746c6db000)]
  0x00007f748c005bb0 JavaThread "MaintenanceTimer-2-thread-1" daemon [_thread_blocked, id=4031182, stack(0x00007f746c4d9000,0x00007f746c5da000)]
  0x00007f74b89a72d0 JavaThread "MaintenanceTimer-4-thread-1" daemon [_thread_blocked, id=4031183, stack(0x00007f746c3d8000,0x00007f746c4d9000)]
  0x00007f74b8bd4db0 JavaThread "https-jsse-nio-9001-exec-1" daemon [_thread_blocked, id=4031185, stack(0x00007f746c2d7000,0x00007f746c3d8000)]
  0x00007f74b8bd58f0 JavaThread "https-jsse-nio-9001-exec-2" daemon [_thread_blocked, id=4031186, stack(0x00007f746c1d6000,0x00007f746c2d7000)]
  0x00007f74b87b4770 JavaThread "https-jsse-nio-9001-exec-3" daemon [_thread_blocked, id=4031187, stack(0x00007f746c0d5000,0x00007f746c1d6000)]
  0x00007f74b87b56f0 JavaThread "https-jsse-nio-9001-exec-4" daemon [_thread_blocked, id=4031188, stack(0x00007f74576ff000,0x00007f7457800000)]
  0x00007f74b8a242d0 JavaThread "https-jsse-nio-9001-exec-5" daemon [_thread_blocked, id=4031189, stack(0x00007f74575fe000,0x00007f74576ff000)]
  0x00007f74b8a252b0 JavaThread "https-jsse-nio-9001-exec-6" daemon [_thread_blocked, id=4031190, stack(0x00007f74574fd000,0x00007f74575fe000)]
  0x00007f74b8a26990 JavaThread "https-jsse-nio-9001-exec-7" daemon [_thread_blocked, id=4031191, stack(0x00007f74573fc000,0x00007f74574fd000)]
  0x00007f74b8a27880 JavaThread "https-jsse-nio-9001-exec-8" daemon [_thread_blocked, id=4031192, stack(0x00007f74572fb000,0x00007f74573fc000)]
  0x00007f74b8d9b3b0 JavaThread "https-jsse-nio-9001-exec-9" daemon [_thread_blocked, id=4031193, stack(0x00007f74571fa000,0x00007f74572fb000)]
  0x00007f74b8d22bb0 JavaThread "https-jsse-nio-9001-exec-10" daemon [_thread_blocked, id=4031194, stack(0x00007f74570f9000,0x00007f74571fa000)]
  0x00007f74b8d8f2c0 JavaThread "https-jsse-nio-9001-Poller" daemon [_thread_blocked, id=4031195, stack(0x00007f7456ff8000,0x00007f74570f9000)]
  0x00007f74b8d303a0 JavaThread "https-jsse-nio-9001-Acceptor" daemon [_thread_in_native, id=4031196, stack(0x00007f7456ef7000,0x00007f7456ff8000)]
  0x00007f74b80254c0 JavaThread "DestroyJavaVM" [_thread_blocked, id=4031126, stack(0x00007f74c2171000,0x00007f74c2272000)]

Other Threads:
=>0x00007f74b80c0a70 VMThread "VM Thread" [stack: 0x00007f74bc36f000,0x00007f74bc46f000] [id=4031133]
  0x00007f74b80da280 WatcherThread [stack: 0x00007f7491f00000,0x00007f7492000000] [id=4031143]
  0x00007f74b805eb60 GCTaskThread "GC Thread#0" [stack: 0x00007f74bcdca000,0x00007f74bceca000] [id=4031128]
  0x00007f74880046a0 GCTaskThread "GC Thread#1" [stack: 0x00007f74908fb000,0x00007f74909fb000] [id=4031145]
  0x00007f74b8067370 ConcurrentGCThread "G1 Main Marker" [stack: 0x00007f74bccc8000,0x00007f74bcdc8000] [id=4031129]
  0x00007f74b80682d0 ConcurrentGCThread "G1 Conc#0" [stack: 0x00007f74bcbc6000,0x00007f74bccc6000] [id=4031130]
  0x00007f74b8098330 ConcurrentGCThread "G1 Refine#0" [stack: 0x00007f74bc8c2000,0x00007f74bc9c2000] [id=4031131]
  0x00007f748c06b800 ConcurrentGCThread "G1 Refine#1" [stack: 0x00007f746c6dd000,0x00007f746c7dd000] [id=4031180]
  0x00007f74b8099220 ConcurrentGCThread "G1 Service" [stack: 0x00007f74bc7c0000,0x00007f74bc8c0000] [id=4031132]

Threads with active compile tasks:
C2 CompilerThread0  21816073 12370       4       org.springframework.aop.framework.ReflectiveMethodInvocation::proceed (126 bytes)
C1 CompilerThread0  21817624 12390       3       com.fasterxml.jackson.databind.ser.BeanPropertyWriter::serializeAsField (214 bytes)

VM state: at safepoint (normal execution)

VM Mutex/Monitor currently owned by a thread:  ([mutex/lock_event])
[0x00007f74b8022010] Threads_lock - owner thread: 0x00007f74b80c0a70
[0x00007f74b80227c0] Heap_lock - owner thread: 0x00007f74b8bd58f0

Heap address: 0x00000000c6e00000, size: 914 MB, Compressed Oops mode: 32-bit

CDS archive(s) mapped at: [0x0000000800000000-0x0000000800be4000-0x0000000800be4000), size 12468224, SharedBaseAddress: 0x0000000800000000, ArchiveRelocationMode: 0.
Compressed class space mapped at: 0x0000000800c00000-0x0000000840c00000, reserved size: 1073741824
Narrow klass base: 0x0000000800000000, Narrow klass shift: 0, Narrow klass range: 0x100000000

GC Precious Log:
 CPUs: 2 total, 2 available
 Memory: 3653M
 Large Page Support: Disabled
 NUMA Support: Disabled
 Compressed Oops: Enabled (32-bit)
 Heap Region Size: 1M
 Heap Min Capacity: 8M
 Heap Initial Capacity: 58M
 Heap Max Capacity: 914M
 Pre-touch: Disabled
 Parallel Workers: 2
 Concurrent Workers: 1
 Concurrent Refinement Workers: 2
 Periodic GC: Disabled

Heap:
 garbage-first heap   total 129024K, used 24860K [0x00000000c6e00000, 0x0000000100000000)
  region size 1024K, 1 young (1024K), 1 survivors (1024K)
 Metaspace       used 52470K, committed 53120K, reserved 1097728K
  class space    used 6202K, committed 6528K, reserved 1048576K

Heap Regions: E=young(eden), S=young(survivor), O=old, HS=humongous(starts), HC=humongous(continues), CS=collection set, F=free, OA=open archive, CA=closed archive, TAMS=top-at-mark-start (previous, next)
|   0|0x00000000c6e00000, 0x00000000c6f00000, 0x00000000c6f00000|100%| O|  |TAMS 0x00000000c6f00000, 0x00000000c6e00000| Untracked 
|   1|0x00000000c6f00000, 0x00000000c7000000, 0x00000000c7000000|100%| O|  |TAMS 0x00000000c7000000, 0x00000000c6f00000| Untracked 
|   2|0x00000000c7000000, 0x00000000c7100000, 0x00000000c7100000|100%| O|  |TAMS 0x00000000c7100000, 0x00000000c7000000| Untracked 
|   3|0x00000000c7100000, 0x00000000c7200000, 0x00000000c7200000|100%| O|  |TAMS 0x00000000c719ae00, 0x00000000c7100000| Untracked 
|   4|0x00000000c7200000, 0x00000000c7300000, 0x00000000c7300000|100%| O|  |TAMS 0x00000000c7300000, 0x00000000c7200000| Untracked 
|   5|0x00000000c7300000, 0x00000000c7400000, 0x00000000c7400000|100%| O|  |TAMS 0x00000000c7400000, 0x00000000c7300000| Untracked 
|   6|0x00000000c7400000, 0x00000000c7500000, 0x00000000c7500000|100%| O|  |TAMS 0x00000000c7500000, 0x00000000c7400000| Untracked 
|   7|0x00000000c7500000, 0x00000000c7600000, 0x00000000c7600000|100%| O|  |TAMS 0x00000000c7600000, 0x00000000c7500000| Untracked 
|   8|0x00000000c7600000, 0x00000000c7700000, 0x00000000c7700000|100%| O|  |TAMS 0x00000000c7700000, 0x00000000c7600000| Untracked 
|   9|0x00000000c7700000, 0x00000000c7800000, 0x00000000c7800000|100%| O|  |TAMS 0x00000000c7700000, 0x00000000c7700000| Untracked 
|  10|0x00000000c7800000, 0x00000000c7900000, 0x00000000c7900000|100%| O|  |TAMS 0x00000000c7800000, 0x00000000c7800000| Untracked 
|  11|0x00000000c7900000, 0x00000000c7a00000, 0x00000000c7a00000|100%| O|  |TAMS 0x00000000c7900000, 0x00000000c7900000| Untracked 
|  12|0x00000000c7a00000, 0x00000000c7b00000, 0x00000000c7b00000|100%| O|  |TAMS 0x00000000c7a00000, 0x00000000c7a00000| Untracked 
|  13|0x00000000c7b00000, 0x00000000c7c00000, 0x00000000c7c00000|100%| O|  |TAMS 0x00000000c7b00000, 0x00000000c7b00000| Untracked 
|  14|0x00000000c7c00000, 0x00000000c7d00000, 0x00000000c7d00000|100%| O|  |TAMS 0x00000000c7c00000, 0x00000000c7c00000| Untracked 
|  15|0x00000000c7d00000, 0x00000000c7e00000, 0x00000000c7e00000|100%| O|  |TAMS 0x00000000c7d00000, 0x00000000c7d00000| Untracked 
|  16|0x00000000c7e00000, 0x00000000c7f00000, 0x00000000c7f00000|100%| O|  |TAMS 0x00000000c7e00000, 0x00000000c7e00000| Untracked 
|  17|0x00000000c7f00000, 0x00000000c8000000, 0x00000000c8000000|100%| O|  |TAMS 0x00000000c7f00000, 0x00000000c7f00000| Untracked 
|  18|0x00000000c8000000, 0x00000000c8100000, 0x00000000c8100000|100%| O|  |TAMS 0x00000000c8000000, 0x00000000c8000000| Untracked 
|  19|0x00000000c8100000, 0x00000000c8200000, 0x00000000c8200000|100%| O|  |TAMS 0x00000000c8100000, 0x00000000c8100000| Untracked 
|  20|0x00000000c8200000, 0x00000000c8300000, 0x00000000c8300000|100%| O|  |TAMS 0x00000000c8200000, 0x00000000c8200000| Untracked 
|  21|0x00000000c8300000, 0x00000000c8400000, 0x00000000c8400000|100%| O|  |TAMS 0x00000000c8300000, 0x00000000c8300000| Untracked 
|  22|0x00000000c8400000, 0x00000000c84b2800, 0x00000000c8500000| 69%| O|  |TAMS 0x00000000c8400000, 0x00000000c8400000| Untracked 
|  23|0x00000000c8500000, 0x00000000c8500000, 0x00000000c8600000|  0%| F|  |TAMS 0x00000000c8500000, 0x00000000c8500000| Untracked 
|  24|0x00000000c8600000, 0x00000000c8600000, 0x00000000c8700000|  0%| F|  |TAMS 0x00000000c8600000, 0x00000000c8600000| Untracked 
|  25|0x00000000c8700000, 0x00000000c8700000, 0x00000000c8800000|  0%| F|  |TAMS 0x00000000c8700000, 0x00000000c8700000| Untracked 
|  26|0x00000000c8800000, 0x00000000c8800000, 0x00000000c8900000|  0%| F|  |TAMS 0x00000000c8800000, 0x00000000c8800000| Untracked 
|  27|0x00000000c8900000, 0x00000000c8900000, 0x00000000c8a00000|  0%| F|  |TAMS 0x00000000c8900000, 0x00000000c8900000| Untracked 
|  28|0x00000000c8a00000, 0x00000000c8a00000, 0x00000000c8b00000|  0%| F|  |TAMS 0x00000000c8a00000, 0x00000000c8a00000| Untracked 
|  29|0x00000000c8b00000, 0x00000000c8b00000, 0x00000000c8c00000|  0%| F|  |TAMS 0x00000000c8b00000, 0x00000000c8b00000| Untracked 
|  30|0x00000000c8c00000, 0x00000000c8c00000, 0x00000000c8d00000|  0%| F|  |TAMS 0x00000000c8c00000, 0x00000000c8c00000| Untracked 
|  31|0x00000000c8d00000, 0x00000000c8d00000, 0x00000000c8e00000|  0%| F|  |TAMS 0x00000000c8d00000, 0x00000000c8d00000| Untracked 
|  32|0x00000000c8e00000, 0x00000000c8e00000, 0x00000000c8f00000|  0%| F|  |TAMS 0x00000000c8e00000, 0x00000000c8e00000| Untracked 
|  33|0x00000000c8f00000, 0x00000000c8f00000, 0x00000000c9000000|  0%| F|  |TAMS 0x00000000c8f00000, 0x00000000c8f00000| Untracked 
|  34|0x00000000c9000000, 0x00000000c9000000, 0x00000000c9100000|  0%| F|  |TAMS 0x00000000c9000000, 0x00000000c9000000| Untracked 
|  35|0x00000000c9100000, 0x00000000c9100000, 0x00000000c9200000|  0%| F|  |TAMS 0x00000000c9100000, 0x00000000c9100000| Untracked 
|  36|0x00000000c9200000, 0x00000000c9200000, 0x00000000c9300000|  0%| F|  |TAMS 0x00000000c9200000, 0x00000000c9200000| Untracked 
|  37|0x00000000c9300000, 0x00000000c9300000, 0x00000000c9400000|  0%| F|  |TAMS 0x00000000c9300000, 0x00000000c9300000| Untracked 
|  38|0x00000000c9400000, 0x00000000c9400000, 0x00000000c9500000|  0%| F|  |TAMS 0x00000000c9400000, 0x00000000c9400000| Untracked 
|  39|0x00000000c9500000, 0x00000000c9500000, 0x00000000c9600000|  0%| F|  |TAMS 0x00000000c9500000, 0x00000000c9500000| Untracked 
|  40|0x00000000c9600000, 0x00000000c9600000, 0x00000000c9700000|  0%| F|  |TAMS 0x00000000c9600000, 0x00000000c9600000| Untracked 
|  41|0x00000000c9700000, 0x00000000c9700000, 0x00000000c9800000|  0%| F|  |TAMS 0x00000000c9700000, 0x00000000c9700000| Untracked 
|  42|0x00000000c9800000, 0x00000000c9800000, 0x00000000c9900000|  0%| F|  |TAMS 0x00000000c9800000, 0x00000000c9800000| Untracked 
|  43|0x00000000c9900000, 0x00000000c9900000, 0x00000000c9a00000|  0%| F|  |TAMS 0x00000000c9900000, 0x00000000c9900000| Untracked 
|  44|0x00000000c9a00000, 0x00000000c9a00000, 0x00000000c9b00000|  0%| F|  |TAMS 0x00000000c9a00000, 0x00000000c9a00000| Untracked 
|  45|0x00000000c9b00000, 0x00000000c9b00000, 0x00000000c9c00000|  0%| F|  |TAMS 0x00000000c9b00000, 0x00000000c9b00000| Untracked 
|  46|0x00000000c9c00000, 0x00000000c9c00000, 0x00000000c9d00000|  0%| F|  |TAMS 0x00000000c9c00000, 0x00000000c9c00000| Untracked 
|  47|0x00000000c9d00000, 0x00000000c9d00000, 0x00000000c9e00000|  0%| F|  |TAMS 0x00000000c9d00000, 0x00000000c9d00000| Untracked 
|  48|0x00000000c9e00000, 0x00000000c9e00000, 0x00000000c9f00000|  0%| F|  |TAMS 0x00000000c9e00000, 0x00000000c9e00000| Untracked 
|  49|0x00000000c9f00000, 0x00000000c9f00000, 0x00000000ca000000|  0%| F|  |TAMS 0x00000000c9f00000, 0x00000000c9f00000| Untracked 
|  50|0x00000000ca000000, 0x00000000ca000000, 0x00000000ca100000|  0%| F|  |TAMS 0x00000000ca000000, 0x00000000ca000000| Untracked 
|  51|0x00000000ca100000, 0x00000000ca100000, 0x00000000ca200000|  0%| F|  |TAMS 0x00000000ca100000, 0x00000000ca100000| Untracked 
|  52|0x00000000ca200000, 0x00000000ca200000, 0x00000000ca300000|  0%| F|  |TAMS 0x00000000ca200000, 0x00000000ca200000| Untracked 
|  53|0x00000000ca300000, 0x00000000ca300000, 0x00000000ca400000|  0%| F|  |TAMS 0x00000000ca300000, 0x00000000ca300000| Untracked 
|  54|0x00000000ca400000, 0x00000000ca400000, 0x00000000ca500000|  0%| F|  |TAMS 0x00000000ca400000, 0x00000000ca400000| Untracked 
|  55|0x00000000ca500000, 0x00000000ca500000, 0x00000000ca600000|  0%| F|  |TAMS 0x00000000ca500000, 0x00000000ca500000| Untracked 
|  56|0x00000000ca600000, 0x00000000ca600000, 0x00000000ca700000|  0%| F|  |TAMS 0x00000000ca600000, 0x00000000ca600000| Untracked 
|  57|0x00000000ca700000, 0x00000000ca700000, 0x00000000ca800000|  0%| F|  |TAMS 0x00000000ca700000, 0x00000000ca700000| Untracked 
|  58|0x00000000ca800000, 0x00000000ca800000, 0x00000000ca900000|  0%| F|  |TAMS 0x00000000ca800000, 0x00000000ca800000| Untracked 
|  59|0x00000000ca900000, 0x00000000ca900000, 0x00000000caa00000|  0%| F|  |TAMS 0x00000000ca900000, 0x00000000ca900000| Untracked 
|  60|0x00000000caa00000, 0x00000000caa00000, 0x00000000cab00000|  0%| F|  |TAMS 0x00000000caa00000, 0x00000000caa00000| Untracked 
|  61|0x00000000cab00000, 0x00000000cab00000, 0x00000000cac00000|  0%| F|  |TAMS 0x00000000cab00000, 0x00000000cab00000| Untracked 
|  62|0x00000000cac00000, 0x00000000cac00000, 0x00000000cad00000|  0%| F|  |TAMS 0x00000000cac00000, 0x00000000cac00000| Untracked 
|  63|0x00000000cad00000, 0x00000000cad00000, 0x00000000cae00000|  0%| F|  |TAMS 0x00000000cad00000, 0x00000000cad00000| Untracked 
|  64|0x00000000cae00000, 0x00000000cae00000, 0x00000000caf00000|  0%| F|  |TAMS 0x00000000cae00000, 0x00000000cae00000| Untracked 
|  65|0x00000000caf00000, 0x00000000caf00000, 0x00000000cb000000|  0%| F|  |TAMS 0x00000000caf00000, 0x00000000caf00000| Untracked 
|  66|0x00000000cb000000, 0x00000000cb000000, 0x00000000cb100000|  0%| F|  |TAMS 0x00000000cb000000, 0x00000000cb000000| Untracked 
|  67|0x00000000cb100000, 0x00000000cb100000, 0x00000000cb200000|  0%| F|  |TAMS 0x00000000cb100000, 0x00000000cb100000| Untracked 
|  68|0x00000000cb200000, 0x00000000cb200000, 0x00000000cb300000|  0%| F|  |TAMS 0x00000000cb200000, 0x00000000cb200000| Untracked 
|  69|0x00000000cb300000, 0x00000000cb300000, 0x00000000cb400000|  0%| F|  |TAMS 0x00000000cb300000, 0x00000000cb300000| Untracked 
|  70|0x00000000cb400000, 0x00000000cb400000, 0x00000000cb500000|  0%| F|  |TAMS 0x00000000cb400000, 0x00000000cb400000| Untracked 
|  71|0x00000000cb500000, 0x00000000cb500000, 0x00000000cb600000|  0%| F|  |TAMS 0x00000000cb500000, 0x00000000cb500000| Untracked 
|  72|0x00000000cb600000, 0x00000000cb600000, 0x00000000cb700000|  0%| F|  |TAMS 0x00000000cb600000, 0x00000000cb600000| Untracked 
|  73|0x00000000cb700000, 0x00000000cb700000, 0x00000000cb800000|  0%| F|  |TAMS 0x00000000cb700000, 0x00000000cb700000| Untracked 
|  74|0x00000000cb800000, 0x00000000cb800000, 0x00000000cb900000|  0%| F|  |TAMS 0x00000000cb800000, 0x00000000cb800000| Untracked 
|  75|0x00000000cb900000, 0x00000000cb900000, 0x00000000cba00000|  0%| F|  |TAMS 0x00000000cb900000, 0x00000000cb900000| Untracked 
|  76|0x00000000cba00000, 0x00000000cba00000, 0x00000000cbb00000|  0%| F|  |TAMS 0x00000000cba00000, 0x00000000cba00000| Untracked 
|  77|0x00000000cbb00000, 0x00000000cbb00000, 0x00000000cbc00000|  0%| F|  |TAMS 0x00000000cbb00000, 0x00000000cbb00000| Untracked 
|  78|0x00000000cbc00000, 0x00000000cbc00000, 0x00000000cbd00000|  0%| F|  |TAMS 0x00000000cbc00000, 0x00000000cbc00000| Untracked 
|  79|0x00000000cbd00000, 0x00000000cbd00000, 0x00000000cbe00000|  0%| F|  |TAMS 0x00000000cbd00000, 0x00000000cbd00000| Untracked 
|  80|0x00000000cbe00000, 0x00000000cbe00000, 0x00000000cbf00000|  0%| F|  |TAMS 0x00000000cbe00000, 0x00000000cbe00000| Untracked 
|  81|0x00000000cbf00000, 0x00000000cbf00000, 0x00000000cc000000|  0%| F|  |TAMS 0x00000000cbf00000, 0x00000000cbf00000| Untracked 
|  82|0x00000000cc000000, 0x00000000cc000000, 0x00000000cc100000|  0%| F|  |TAMS 0x00000000cc000000, 0x00000000cc000000| Untracked 
|  83|0x00000000cc100000, 0x00000000cc100000, 0x00000000cc200000|  0%| F|  |TAMS 0x00000000cc100000, 0x00000000cc100000| Untracked 
|  84|0x00000000cc200000, 0x00000000cc200000, 0x00000000cc300000|  0%| F|  |TAMS 0x00000000cc200000, 0x00000000cc200000| Untracked 
|  85|0x00000000cc300000, 0x00000000cc300000, 0x00000000cc400000|  0%| F|  |TAMS 0x00000000cc300000, 0x00000000cc300000| Untracked 
|  86|0x00000000cc400000, 0x00000000cc400000, 0x00000000cc500000|  0%| F|  |TAMS 0x00000000cc400000, 0x00000000cc400000| Untracked 
|  87|0x00000000cc500000, 0x00000000cc500000, 0x00000000cc600000|  0%| F|  |TAMS 0x00000000cc500000, 0x00000000cc500000| Untracked 
|  88|0x00000000cc600000, 0x00000000cc600000, 0x00000000cc700000|  0%| F|  |TAMS 0x00000000cc600000, 0x00000000cc600000| Untracked 
|  89|0x00000000cc700000, 0x00000000cc700000, 0x00000000cc800000|  0%| F|  |TAMS 0x00000000cc700000, 0x00000000cc700000| Untracked 
|  90|0x00000000cc800000, 0x00000000cc800000, 0x00000000cc900000|  0%| F|  |TAMS 0x00000000cc800000, 0x00000000cc800000| Untracked 
|  91|0x00000000cc900000, 0x00000000cc900000, 0x00000000cca00000|  0%| F|  |TAMS 0x00000000cc900000, 0x00000000cc900000| Untracked 
|  92|0x00000000cca00000, 0x00000000cca00000, 0x00000000ccb00000|  0%| F|  |TAMS 0x00000000cca00000, 0x00000000cca00000| Untracked 
|  93|0x00000000ccb00000, 0x00000000ccb00000, 0x00000000ccc00000|  0%| F|  |TAMS 0x00000000ccb00000, 0x00000000ccb00000| Untracked 
|  94|0x00000000ccc00000, 0x00000000ccc00000, 0x00000000ccd00000|  0%| F|  |TAMS 0x00000000ccc00000, 0x00000000ccc00000| Untracked 
|  95|0x00000000ccd00000, 0x00000000ccd00000, 0x00000000cce00000|  0%| F|  |TAMS 0x00000000ccd00000, 0x00000000ccd00000| Untracked 
|  96|0x00000000cce00000, 0x00000000cce00000, 0x00000000ccf00000|  0%| F|  |TAMS 0x00000000cce00000, 0x00000000cce00000| Untracked 
|  97|0x00000000ccf00000, 0x00000000ccf00000, 0x00000000cd000000|  0%| F|  |TAMS 0x00000000ccf00000, 0x00000000ccf00000| Untracked 
|  98|0x00000000cd000000, 0x00000000cd000000, 0x00000000cd100000|  0%| F|  |TAMS 0x00000000cd000000, 0x00000000cd000000| Untracked 
|  99|0x00000000cd100000, 0x00000000cd100000, 0x00000000cd200000|  0%| F|  |TAMS 0x00000000cd100000, 0x00000000cd100000| Untracked 
| 100|0x00000000cd200000, 0x00000000cd200000, 0x00000000cd300000|  0%| F|  |TAMS 0x00000000cd200000, 0x00000000cd200000| Untracked 
| 101|0x00000000cd300000, 0x00000000cd300000, 0x00000000cd400000|  0%| F|  |TAMS 0x00000000cd300000, 0x00000000cd300000| Untracked 
| 102|0x00000000cd400000, 0x00000000cd400000, 0x00000000cd500000|  0%| F|  |TAMS 0x00000000cd400000, 0x00000000cd400000| Untracked 
| 103|0x00000000cd500000, 0x00000000cd500000, 0x00000000cd600000|  0%| F|  |TAMS 0x00000000cd500000, 0x00000000cd500000| Untracked 
| 104|0x00000000cd600000, 0x00000000cd600000, 0x00000000cd700000|  0%| F|  |TAMS 0x00000000cd600000, 0x00000000cd600000| Untracked 
| 105|0x00000000cd700000, 0x00000000cd700000, 0x00000000cd800000|  0%| F|  |TAMS 0x00000000cd700000, 0x00000000cd700000| Untracked 
| 106|0x00000000cd800000, 0x00000000cd800000, 0x00000000cd900000|  0%| F|  |TAMS 0x00000000cd800000, 0x00000000cd800000| Untracked 
| 107|0x00000000cd900000, 0x00000000cd900000, 0x00000000cda00000|  0%| F|  |TAMS 0x00000000cd900000, 0x00000000cd900000| Untracked 
| 108|0x00000000cda00000, 0x00000000cda00000, 0x00000000cdb00000|  0%| F|  |TAMS 0x00000000cda00000, 0x00000000cda00000| Untracked 
| 109|0x00000000cdb00000, 0x00000000cdb00000, 0x00000000cdc00000|  0%| F|  |TAMS 0x00000000cdb00000, 0x00000000cdb00000| Untracked 
| 110|0x00000000cdc00000, 0x00000000cdc00000, 0x00000000cdd00000|  0%| F|  |TAMS 0x00000000cdc00000, 0x00000000cdc00000| Untracked 
| 111|0x00000000cdd00000, 0x00000000cdd00000, 0x00000000cde00000|  0%| F|  |TAMS 0x00000000cdd00000, 0x00000000cdd00000| Untracked 
| 112|0x00000000cde00000, 0x00000000cde00000, 0x00000000cdf00000|  0%| F|  |TAMS 0x00000000cde00000, 0x00000000cde00000| Untracked 
| 113|0x00000000cdf00000, 0x00000000cdf00000, 0x00000000ce000000|  0%| F|  |TAMS 0x00000000cdf00000, 0x00000000cdf00000| Untracked 
| 114|0x00000000ce000000, 0x00000000ce000000, 0x00000000ce100000|  0%| F|  |TAMS 0x00000000ce000000, 0x00000000ce000000| Untracked 
| 115|0x00000000ce100000, 0x00000000ce100000, 0x00000000ce200000|  0%| F|  |TAMS 0x00000000ce100000, 0x00000000ce100000| Untracked 
| 116|0x00000000ce200000, 0x00000000ce200000, 0x00000000ce300000|  0%| F|  |TAMS 0x00000000ce200000, 0x00000000ce200000| Untracked 
| 117|0x00000000ce300000, 0x00000000ce300000, 0x00000000ce400000|  0%| F|  |TAMS 0x00000000ce300000, 0x00000000ce300000| Untracked 
| 118|0x00000000ce400000, 0x00000000ce49bb78, 0x00000000ce500000| 60%| S|CS|TAMS 0x00000000ce400000, 0x00000000ce400000| Complete 
| 119|0x00000000ce500000, 0x00000000ce500000, 0x00000000ce600000|  0%| F|  |TAMS 0x00000000ce500000, 0x00000000ce500000| Untracked 
| 120|0x00000000ce600000, 0x00000000ce600000, 0x00000000ce700000|  0%| F|  |TAMS 0x00000000ce600000, 0x00000000ce600000| Untracked 
| 121|0x00000000ce700000, 0x00000000ce700000, 0x00000000ce800000|  0%| F|  |TAMS 0x00000000ce700000, 0x00000000ce700000| Untracked 
| 122|0x00000000ce800000, 0x00000000ce800000, 0x00000000ce900000|  0%| F|  |TAMS 0x00000000ce800000, 0x00000000ce800000| Untracked 
| 123|0x00000000ce900000, 0x00000000ce900000, 0x00000000cea00000|  0%| F|  |TAMS 0x00000000ce900000, 0x00000000ce900000| Untracked 
| 912|0x00000000ffe00000, 0x00000000ffe76000, 0x00000000fff00000| 46%|OA|  |TAMS 0x00000000ffe76000, 0x00000000ffe00000| Untracked 
| 913|0x00000000fff00000, 0x00000000fff83000, 0x0000000100000000| 51%|CA|  |TAMS 0x00000000fff83000, 0x00000000fff00000| Untracked 

Card table byte_map: [0x00007f74bed23000,0x00007f74beeec000] _byte_map_base: 0x00007f74be6ec000

Marking Bits (Prev, Next): (CMBitMap*) 0x00007f74b805f5e0, (CMBitMap*) 0x00007f74b805f620
 Prev Bits: [0x00007f74bdd12000, 0x00007f74beb5a000)
 Next Bits: [0x00007f74bceca000, 0x00007f74bdd12000)

Polling page: 0x00007f74c2276000

Metaspace:

Usage:
  Non-class:     45.18 MB used.
      Class:      6.06 MB used.
       Both:     51.24 MB used.

Virtual space:
  Non-class space:       48.00 MB reserved,      45.50 MB ( 95%) committed,  6 nodes.
      Class space:        1.00 GB reserved,       6.38 MB ( <1%) committed,  1 nodes.
             Both:        1.05 GB reserved,      51.88 MB (  5%) committed. 

Chunk freelists:
   Non-Class:  2.30 MB
       Class:  1.68 MB
        Both:  3.98 MB

MaxMetaspaceSize: unlimited
CompressedClassSpaceSize: 1.00 GB
Initial GC threshold: 21.00 MB
Current GC threshold: 59.06 MB
CDS: on
MetaspaceReclaimPolicy: balanced
 - commit_granule_bytes: 65536.
 - commit_granule_words: 8192.
 - virtual_space_node_default_size: 1048576.
 - enlarge_chunks_in_place: 1.
 - new_chunks_are_fully_committed: 0.
 - uncommit_free_chunks: 1.
 - use_allocation_guard: 0.
 - handle_deallocations: 1.


Internal statistics:

num_allocs_failed_limit: 6.
num_arena_births: 824.
num_arena_deaths: 0.
num_vsnodes_births: 7.
num_vsnodes_deaths: 0.
num_space_committed: 830.
num_space_uncommitted: 0.
num_chunks_returned_to_freelist: 6.
num_chunks_taken_from_freelist: 2768.
num_chunk_merges: 3.
num_chunk_splits: 1720.
num_chunks_enlarged: 1126.
num_purges: 0.
num_inconsistent_stats: 0.

CodeHeap 'non-profiled nmethods': size=120036Kb used=6539Kb max_used=6539Kb free=113496Kb
 bounds [0x00007f74a8a1b000, 0x00007f74a908b000, 0x00007f74aff54000]
CodeHeap 'profiled nmethods': size=120032Kb used=20335Kb max_used=20335Kb free=99696Kb
 bounds [0x00007f74a0f54000, 0x00007f74a2334000, 0x00007f74a848c000]
CodeHeap 'non-nmethods': size=5692Kb used=1303Kb max_used=1344Kb free=4388Kb
 bounds [0x00007f74a848c000, 0x00007f74a86fc000, 0x00007f74a8a1b000]
 total_blobs=10606 nmethods=9976 adapters=542
 compilation: enabled
              stopped_count=0, restarted_count=0
 full_count=0

Compilation events (20 events):
Event: 21586.877 Thread 0x00007f74b80cf080 12354       4       org.springframework.util.ConcurrentReferenceHashMap::get (37 bytes)
Event: 21587.729 Thread 0x00007f74b80d05b0 12361       3       java.time.format.DateTimeFormatter::ofPattern (15 bytes)
Event: 21587.908 Thread 0x00007f74b80d05b0 nmethod 12361 0x00007f74a232cc10 code [0x00007f74a232ce20, 0x00007f74a232d2e0]
Event: 21588.134 Thread 0x00007f74b80d05b0 12362       3       sun.security.util.math.intpoly.IntegerPolynomial$Element::asBigInteger (12 bytes)
Event: 21588.143 Thread 0x00007f74b80d05b0 nmethod 12362 0x00007f74a232d510 code [0x00007f74a232d6c0, 0x00007f74a232d880]
Event: 21588.147 Thread 0x00007f74b80d05b0 12367   !   3       java.time.format.DateTimeFormatterBuilder$CompositePrinterParser::format (116 bytes)
Event: 21588.179 Thread 0x00007f74b80d05b0 nmethod 12367 0x00007f74a232d990 code [0x00007f74a232dba0, 0x00007f74a232e310]
Event: 21590.518 Thread 0x00007f74b80cf080 nmethod 12354 0x00007f74a907c610 code [0x00007f74a907c7c0, 0x00007f74a907c9a8]
Event: 21590.818 Thread 0x00007f74b80cf080 12364   !   4       sun.security.rsa.MGF1::generateAndXor (155 bytes)
Event: 21591.148 Thread 0x00007f74b80d05b0 12368       3       javax.net.ssl.SSLParameters::setApplicationProtocols (79 bytes)
Event: 21593.875 Thread 0x00007f74b80d05b0 nmethod 12368 0x00007f74a232e710 code [0x00007f74a232e920, 0x00007f74a232f000]
Event: 21634.018 Thread 0x00007f74b80d05b0 12372       3       org.springframework.data.mongodb.core.ExecutableFindOperationSupport$ExecutableFindSupport::as (31 bytes)
Event: 21636.441 Thread 0x00007f74b80d05b0 nmethod 12372 0x00007f74a232f290 code [0x00007f74a232f480, 0x00007f74a232fa00]
Event: 21637.234 Thread 0x00007f74b80d05b0 12377       3       org.springframework.data.mongodb.core.ExecutableFindOperationSupport$ExecutableFindSupport::getCollectionName (29 bytes)
Event: 21641.326 Thread 0x00007f74b80d05b0 nmethod 12377 0x00007f74a232fb90 code [0x00007f74a232fd80, 0x00007f74a2330250]
Event: 21746.937 Thread 0x00007f74b80cf080 nmethod 12364 0x00007f74a907cb10 code [0x00007f74a907cce0, 0x00007f74a907d498]
Event: 21747.168 Thread 0x00007f74b80cf080 12370       4       org.springframework.aop.framework.ReflectiveMethodInvocation::proceed (126 bytes)
Event: 21750.169 Thread 0x00007f74b80d05b0 12389       3       org.springframework.http.ResponseEntity$DefaultBuilder::body (18 bytes)
Event: 21752.033 Thread 0x00007f74b80d05b0 nmethod 12389 0x00007f74a2330410 code [0x00007f74a2330600, 0x00007f74a2330a50]
Event: 21752.866 Thread 0x00007f74b80d05b0 12390       3       com.fasterxml.jackson.databind.ser.BeanPropertyWriter::serializeAsField (214 bytes)

GC Heap History (20 events):
Event: 8245.626 GC heap after
{Heap after GC invocations=25 (full 0):
 garbage-first heap   total 129024K, used 22816K [0x00000000c6e00000, 0x0000000100000000)
  region size 1024K, 4 young (4096K), 4 survivors (4096K)
 Metaspace       used 49791K, committed 50304K, reserved 1097728K
  class space    used 6084K, committed 6336K, reserved 1048576K
}
Event: 11948.726 GC heap before
{Heap before GC invocations=25 (full 0):
 garbage-first heap   total 129024K, used 95520K [0x00000000c6e00000, 0x0000000100000000)
  region size 1024K, 75 young (76800K), 4 survivors (4096K)
 Metaspace       used 49838K, committed 50304K, reserved 1097728K
  class space    used 6085K, committed 6336K, reserved 1048576K
}
Event: 11948.738 GC heap after
{Heap after GC invocations=26 (full 0):
 garbage-first heap   total 129024K, used 23211K [0x00000000c6e00000, 0x0000000100000000)
  region size 1024K, 5 young (5120K), 5 survivors (5120K)
 Metaspace       used 49838K, committed 50304K, reserved 1097728K
  class space    used 6085K, committed 6336K, reserved 1048576K
}
Event: 14496.439 GC heap before
{Heap before GC invocations=26 (full 0):
 garbage-first heap   total 129024K, used 94891K [0x00000000c6e00000, 0x0000000100000000)
  region size 1024K, 75 young (76800K), 5 survivors (5120K)
 Metaspace       used 50285K, committed 50816K, reserved 1097728K
  class space    used 6100K, committed 6336K, reserved 1048576K
}
Event: 14496.450 GC heap after
{Heap after GC invocations=27 (full 0):
 garbage-first heap   total 129024K, used 23204K [0x00000000c6e00000, 0x0000000100000000)
  region size 1024K, 5 young (5120K), 5 survivors (5120K)
 Metaspace       used 50285K, committed 50816K, reserved 1097728K
  class space    used 6100K, committed 6336K, reserved 1048576K
}
Event: 16794.109 GC heap before
{Heap before GC invocations=27 (full 0):
 garbage-first heap   total 129024K, used 94884K [0x00000000c6e00000, 0x0000000100000000)
  region size 1024K, 75 young (76800K), 5 survivors (5120K)
 Metaspace       used 51213K, committed 51776K, reserved 1097728K
  class space    used 6132K, committed 6400K, reserved 1048576K
}
Event: 16794.122 GC heap after
{Heap after GC invocations=28 (full 0):
 garbage-first heap   total 129024K, used 23609K [0x00000000c6e00000, 0x0000000100000000)
  region size 1024K, 5 young (5120K), 5 survivors (5120K)
 Metaspace       used 51213K, committed 51776K, reserved 1097728K
  class space    used 6132K, committed 6400K, reserved 1048576K
}
Event: 18937.489 GC heap before
{Heap before GC invocations=28 (full 0):
 garbage-first heap   total 129024K, used 94265K [0x00000000c6e00000, 0x0000000100000000)
  region size 1024K, 75 young (76800K), 5 survivors (5120K)
 Metaspace       used 51755K, committed 52288K, reserved 1097728K
  class space    used 6165K, committed 6400K, reserved 1048576K
}
Event: 18937.506 GC heap after
{Heap after GC invocations=29 (full 0):
 garbage-first heap   total 129024K, used 23840K [0x00000000c6e00000, 0x0000000100000000)
  region size 1024K, 5 young (5120K), 5 survivors (5120K)
 Metaspace       used 51755K, committed 52288K, reserved 1097728K
  class space    used 6165K, committed 6400K, reserved 1048576K
}
Event: 20976.802 GC heap before
{Heap before GC invocations=29 (full 0):
 garbage-first heap   total 129024K, used 95520K [0x00000000c6e00000, 0x0000000100000000)
  region size 1024K, 75 young (76800K), 5 survivors (5120K)
 Metaspace       used 52456K, committed 53120K, reserved 1097728K
  class space    used 6202K, committed 6528K, reserved 1048576K
}
Event: 20986.536 GC heap after
{Heap after GC invocations=30 (full 0):
 garbage-first heap   total 129024K, used 24784K [0x00000000c6e00000, 0x0000000100000000)
  region size 1024K, 6 young (6144K), 6 survivors (6144K)
 Metaspace       used 52456K, committed 53120K, reserved 1097728K
  class space    used 6202K, committed 6528K, reserved 1048576K
}
Event: 21018.508 GC heap before
{Heap before GC invocations=30 (full 0):
 garbage-first heap   total 129024K, used 25808K [0x00000000c6e00000, 0x0000000100000000)
  region size 1024K, 7 young (7168K), 6 survivors (6144K)
 Metaspace       used 52457K, committed 53120K, reserved 1097728K
  class space    used 6202K, committed 6528K, reserved 1048576K
}
Event: 21031.080 GC heap after
{Heap after GC invocations=31 (full 0):
 garbage-first heap   total 129024K, used 25262K [0x00000000c6e00000, 0x0000000100000000)
  region size 1024K, 1 young (1024K), 1 survivors (1024K)
 Metaspace       used 52457K, committed 53120K, reserved 1097728K
  class space    used 6202K, committed 6528K, reserved 1048576K
}
Event: 21297.949 GC heap before
{Heap before GC invocations=31 (full 0):
 garbage-first heap   total 129024K, used 30382K [0x00000000c6e00000, 0x0000000100000000)
  region size 1024K, 6 young (6144K), 1 survivors (1024K)
 Metaspace       used 52457K, committed 53120K, reserved 1097728K
  class space    used 6202K, committed 6528K, reserved 1048576K
}
Event: 21389.911 GC heap after
{Heap after GC invocations=32 (full 0):
 garbage-first heap   total 129024K, used 24503K [0x00000000c6e00000, 0x0000000100000000)
  region size 1024K, 1 young (1024K), 1 survivors (1024K)
 Metaspace       used 52457K, committed 53120K, reserved 1097728K
  class space    used 6202K, committed 6528K, reserved 1048576K
}
Event: 21556.528 GC heap before
{Heap before GC invocations=32 (full 0):
 garbage-first heap   total 129024K, used 29623K [0x00000000c6e00000, 0x0000000100000000)
  region size 1024K, 6 young (6144K), 1 survivors (1024K)
 Metaspace       used 52458K, committed 53120K, reserved 1097728K
  class space    used 6202K, committed 6528K, reserved 1048576K
}
Event: 21583.823 GC heap after
{Heap after GC invocations=33 (full 0):
 garbage-first heap   total 129024K, used 24578K [0x00000000c6e00000, 0x0000000100000000)
  region size 1024K, 1 young (1024K), 1 survivors (1024K)
 Metaspace       used 52458K, committed 53120K, reserved 1097728K
  class space    used 6202K, committed 6528K, reserved 1048576K
}
Event: 21637.409 GC heap before
{Heap before GC invocations=33 (full 0):
 garbage-first heap   total 129024K, used 28674K [0x00000000c6e00000, 0x0000000100000000)
  region size 1024K, 6 young (6144K), 1 survivors (1024K)
 Metaspace       used 52470K, committed 53120K, reserved 1097728K
  class space    used 6202K, committed 6528K, reserved 1048576K
}
Event: 21640.553 GC heap after
{Heap after GC invocations=34 (full 0):
 garbage-first heap   total 129024K, used 24749K [0x00000000c6e00000, 0x0000000100000000)
  region size 1024K, 1 young (1024K), 1 survivors (1024K)
 Metaspace       used 52470K, committed 53120K, reserved 1097728K
  class space    used 6202K, committed 6528K, reserved 1048576K
}
Event: 21761.612 GC heap before
{Heap before GC invocations=34 (full 0):
 garbage-first heap   total 129024K, used 29869K [0x00000000c6e00000, 0x0000000100000000)
  region size 1024K, 6 young (6144K), 1 survivors (1024K)
 Metaspace       used 52470K, committed 53120K, reserved 1097728K
  class space    used 6202K, committed 6528K, reserved 1048576K
}

Dll operation events (11 events):
Event: 0.003 Loaded shared library /usr/lib/jvm/java-17-openjdk-17.0.6.0.9-0.3.ea.el8.x86_64/lib/libjava.so
Event: 0.034 Loaded shared library /usr/lib/jvm/java-17-openjdk-17.0.6.0.9-0.3.ea.el8.x86_64/lib/libjsvml.so
Event: 0.085 Loaded shared library /usr/lib/jvm/java-17-openjdk-17.0.6.0.9-0.3.ea.el8.x86_64/lib/libnio.so
Event: 0.092 Loaded shared library /usr/lib/jvm/java-17-openjdk-17.0.6.0.9-0.3.ea.el8.x86_64/lib/libzip.so
Event: 0.300 Loaded shared library /usr/lib/jvm/java-17-openjdk-17.0.6.0.9-0.3.ea.el8.x86_64/lib/libsystemconf.so
Event: 0.491 Loaded shared library /usr/lib/jvm/java-17-openjdk-17.0.6.0.9-0.3.ea.el8.x86_64/lib/libverify.so
Event: 0.506 Loaded shared library /usr/lib/jvm/java-17-openjdk-17.0.6.0.9-0.3.ea.el8.x86_64/lib/libjimage.so
Event: 0.575 Loaded shared library /usr/lib/jvm/java-17-openjdk-17.0.6.0.9-0.3.ea.el8.x86_64/lib/libnet.so
Event: 2.052 Loaded shared library /usr/lib/jvm/java-17-openjdk-17.0.6.0.9-0.3.ea.el8.x86_64/lib/libmanagement.so
Event: 2.054 Loaded shared library /usr/lib/jvm/java-17-openjdk-17.0.6.0.9-0.3.ea.el8.x86_64/lib/libmanagement_ext.so
Event: 6.278 Loaded shared library /usr/lib/jvm/java-17-openjdk-17.0.6.0.9-0.3.ea.el8.x86_64/lib/libextnet.so

Deoptimization events (20 events):
Event: 21037.763 Thread 0x00007f7468002e10 DEOPT PACKING pc=0x00007f74a8dfd830 sp=0x00007f74901db5d0
Event: 21037.789 Thread 0x00007f7468002e10 DEOPT UNPACKING pc=0x00007f74a84e2699 sp=0x00007f74901db4d8 mode 2
Event: 21077.305 Thread 0x00007f7484077840 Uncommon trap: trap_request=0xffffff45 fr.pc=0x00007f74a9045b34 relative=0x0000000000000d74
Event: 21077.594 Thread 0x00007f7484077840 Uncommon trap: reason=unstable_if action=reinterpret pc=0x00007f74a9045b34 method=com.mongodb.internal.connection.ConcurrentLinkedDeque$Node.delete()Z @ 38 c2
Event: 21078.553 Thread 0x00007f7484077840 DEOPT PACKING pc=0x00007f74a9045b34 sp=0x00007f746ccfb670
Event: 21079.319 Thread 0x00007f7484077840 DEOPT UNPACKING pc=0x00007f74a84e2699 sp=0x00007f746ccfb570 mode 2
Event: 21587.793 Thread 0x00007f74b8bd58f0 DEOPT PACKING pc=0x00007f74a1d2e1ee sp=0x00007f746c2d4990
Event: 21587.795 Thread 0x00007f74b8bd58f0 DEOPT UNPACKING pc=0x00007f74a84e2e2f sp=0x00007f746c2d3f00 mode 0
Event: 21636.440 Thread 0x00007f74b8bd58f0 Uncommon trap: trap_request=0xffffff45 fr.pc=0x00007f74a8f36728 relative=0x0000000000001388
Event: 21636.581 Thread 0x00007f74b8bd58f0 Uncommon trap: reason=unstable_if action=reinterpret pc=0x00007f74a8f36728 method=com.fasterxml.jackson.core.io.SerializedString.appendQuotedUTF8([BI)I @ 35 c2
Event: 21637.118 Thread 0x00007f74b8bd58f0 DEOPT PACKING pc=0x00007f74a8f36728 sp=0x00007f746c2d2d20
Event: 21637.123 Thread 0x00007f74b8a242d0 Uncommon trap: trap_request=0xffffff45 fr.pc=0x00007f74a8f7d4ec relative=0x000000000000088c
Event: 21637.219 Thread 0x00007f74b8a242d0 Uncommon trap: reason=unstable_if action=reinterpret pc=0x00007f74a8f7d4ec method=com.fasterxml.jackson.core.json.UTF8JsonGenerator.writeString(Ljava/lang/String;)V @ 45 c2
Event: 21637.235 Thread 0x00007f74b8bd58f0 DEOPT UNPACKING pc=0x00007f74a84e2699 sp=0x00007f746c2d2c00 mode 2
Event: 21637.352 Thread 0x00007f74b8a242d0 DEOPT PACKING pc=0x00007f74a8f7d4ec sp=0x00007f74576fac70
Event: 21637.386 Thread 0x00007f74b8a242d0 DEOPT UNPACKING pc=0x00007f74a84e2699 sp=0x00007f74576fabc8 mode 2
Event: 21750.132 Thread 0x00007f74b87b56f0 Uncommon trap: trap_request=0xffffff5c fr.pc=0x00007f74a8fb6f14 relative=0x0000000000000c34
Event: 21750.271 Thread 0x00007f74b87b56f0 Uncommon trap: reason=speculate_null_check action=make_not_entrant pc=0x00007f74a8fb6f14 method=java.util.concurrent.locks.AbstractQueuedSynchronizer.acquire(Ljava/util/concurrent/locks/AbstractQueuedSynchronizer$Node;IZZZJ)I @ 254 c2
Event: 21750.470 Thread 0x00007f74b87b56f0 DEOPT PACKING pc=0x00007f74a8fb6f14 sp=0x00007f74577fe700
Event: 21750.686 Thread 0x00007f74b87b56f0 DEOPT UNPACKING pc=0x00007f74a84e2699 sp=0x00007f74577fe690 mode 2

Classes unloaded (0 events):
No events

Classes redefined (0 events):
No events

Internal exceptions (20 events):
Event: 4111.404 Thread 0x00007f74b87b4770 Exception <a 'sun/net/ConnectionResetException'{0x00000000cc621490}: Connection reset> (0x00000000cc621490) 
thrown [src/hotspot/share/prims/jni.cpp, line 535]
Event: 4436.554 Thread 0x00007f74b8a242d0 Exception <a 'sun/net/ConnectionResetException'{0x00000000cdf359c8}: Connection reset> (0x00000000cdf359c8) 
thrown [src/hotspot/share/prims/jni.cpp, line 535]
Event: 4681.953 Thread 0x00007f74b87b56f0 Exception <a 'sun/net/ConnectionResetException'{0x00000000caf49018}: Connection reset> (0x00000000caf49018) 
thrown [src/hotspot/share/prims/jni.cpp, line 535]
Event: 5287.330 Thread 0x00007f74b8bd58f0 Implicit null exception at 0x00007f74a8b64e58 to 0x00007f74a8b65850
Event: 5486.608 Thread 0x00007f74b8bd58f0 Implicit null exception at 0x00007f74a8beb832 to 0x00007f74a8bebf84
Event: 5702.581 Thread 0x00007f74b87b56f0 Implicit null exception at 0x00007f74a8c46a6c to 0x00007f74a8c46c48
Event: 5702.613 Thread 0x00007f74b8a242d0 Exception <a 'java/lang/NoSuchMethodError'{0x00000000cd6bc920}: 'java.lang.Object java.lang.invoke.DirectMethodHandle$Holder.invokeStatic(java.lang.Object, int, int)'> (0x00000000cd6bc920) 
thrown [src/hotspot/share/interpreter/linkResolver.cpp, line 759]
Event: 9416.061 Thread 0x00007f74b8a242d0 Exception <a 'sun/net/ConnectionResetException'{0x00000000cd4fb998}: Connection reset> (0x00000000cd4fb998) 
thrown [src/hotspot/share/prims/jni.cpp, line 535]
Event: 10195.112 Thread 0x00007f74b87b4770 Exception <a 'sun/net/ConnectionResetException'{0x00000000cc6fbaf8}: Connection reset> (0x00000000cc6fbaf8) 
thrown [src/hotspot/share/prims/jni.cpp, line 535]
Event: 10587.349 Thread 0x00007f74b8d22bb0 Exception <a 'sun/net/ConnectionResetException'{0x00000000cbfee670}: Connection reset> (0x00000000cbfee670) 
thrown [src/hotspot/share/prims/jni.cpp, line 535]
Event: 15547.598 Thread 0x00007f74b8a242d0 Exception <a 'java/lang/NullPointerException'{0x00000000ccb7a3c8}> (0x00000000ccb7a3c8) 
thrown [src/hotspot/share/interpreter/linkResolver.cpp, line 1350]
Event: 15583.913 Thread 0x00007f74b8bd58f0 Exception <a 'java/lang/NullPointerException'{0x00000000cca952a0}> (0x00000000cca952a0) 
thrown [src/hotspot/share/interpreter/linkResolver.cpp, line 1350]
Event: 15626.582 Thread 0x00007f74b87b56f0 Implicit null exception at 0x00007f74a8eccec6 to 0x00007f74a8ecdf2c
Event: 15626.583 Thread 0x00007f74b87b56f0 Implicit null exception at 0x00007f74a8eccec6 to 0x00007f74a8ecdf2c
Event: 15626.583 Thread 0x00007f74b87b56f0 Implicit null exception at 0x00007f74a8eccec6 to 0x00007f74a8ecdf2c
Event: 15626.583 Thread 0x00007f74b87b56f0 Implicit null exception at 0x00007f74a8eccec6 to 0x00007f74a8ecdf2c
Event: 15626.976 Thread 0x00007f74b87b56f0 Implicit null exception at 0x00007f74a8b8a77d to 0x00007f74a8b8b488
Event: 18190.422 Thread 0x00007f74b8a27880 Implicit null exception at 0x00007f74a8b2ebbd to 0x00007f74a8b2ef97
Event: 18230.508 Thread 0x00007f74b8bd58f0 Exception <a 'java/lang/NoSuchMethodError'{0x00000000cb2f3580}: 'void java.lang.invoke.DirectMethodHandle$Holder.invokeSpecial(java.lang.Object, java.lang.Object, int)'> (0x00000000cb2f3580) 
thrown [src/hotspot/share/interpreter/linkResolver.cpp, line 759]
Event: 20995.373 Thread 0x00007f74b8bd58f0 Implicit null exception at 0x00007f74a8bb434f to 0x00007f74a8bb4b38

VM Operations (20 events):
Event: 21034.037 Executing VM operation: G1CollectForAllocation done
Event: 21297.103 Executing VM operation: G1CollectForAllocation
Event: 21399.833 Executing VM operation: G1CollectForAllocation done
Event: 21413.581 Executing VM operation: Cleanup
Event: 21420.600 Executing VM operation: Cleanup done
Event: 21555.200 Executing VM operation: G1CollectForAllocation
Event: 21584.377 Executing VM operation: G1CollectForAllocation done
Event: 21585.401 Executing VM operation: Cleanup
Event: 21585.416 Executing VM operation: Cleanup done
Event: 21589.540 Executing VM operation: Cleanup
Event: 21589.914 Executing VM operation: Cleanup done
Event: 21591.939 Executing VM operation: Cleanup
Event: 21592.524 Executing VM operation: Cleanup done
Event: 21601.628 Executing VM operation: Cleanup
Event: 21602.682 Executing VM operation: Cleanup done
Event: 21637.208 Executing VM operation: Cleanup
Event: 21637.342 Executing VM operation: Cleanup done
Event: 21637.382 Executing VM operation: G1CollectForAllocation
Event: 21640.613 Executing VM operation: G1CollectForAllocation done
Event: 21760.638 Executing VM operation: G1CollectForAllocation

Events (20 events):
Event: 19790.596 loading class sun/security/internal/spec/TlsKeyMaterialSpec
Event: 19790.596 loading class sun/security/internal/spec/TlsKeyMaterialSpec done
Event: 19790.596 loading class sun/security/ssl/Authenticator$TLS10Authenticator
Event: 19790.596 loading class sun/security/ssl/Authenticator$TLS10Authenticator done
Event: 19790.597 loading class sun/security/ssl/SSLCipher$T12GcmReadCipherGenerator$GcmReadCipher
Event: 19790.597 loading class sun/security/ssl/SSLCipher$T12GcmReadCipherGenerator$GcmReadCipher done
Event: 19790.597 loading class sun/security/internal/spec/TlsPrfParameterSpec
Event: 19790.597 loading class sun/security/internal/spec/TlsPrfParameterSpec done
Event: 19790.597 loading class com/sun/crypto/provider/TlsPrfGenerator$V12
Event: 19790.597 loading class com/sun/crypto/provider/TlsPrfGenerator$V12 done
Event: 19790.598 loading class sun/security/ssl/SSLCipher$T12GcmWriteCipherGenerator$GcmWriteCipher
Event: 19790.598 loading class sun/security/ssl/SSLCipher$T12GcmWriteCipherGenerator$GcmWriteCipher done
Event: 19800.754 loading class javax/net/ssl/SSLHandshakeException
Event: 19800.754 loading class javax/net/ssl/SSLHandshakeException done
Event: 19800.756 loading class java/util/concurrent/ConcurrentLinkedQueue$Itr
Event: 19800.756 loading class java/util/concurrent/ConcurrentLinkedQueue$Itr done
Event: 19816.210 loading class sun/nio/cs/US_ASCII$Decoder
Event: 19816.210 loading class sun/nio/cs/US_ASCII$Decoder done
Event: 20958.888 loading class java/util/concurrent/locks/StampedLock$Node
Event: 20958.968 loading class java/util/concurrent/locks/StampedLock$Node done


Dynamic libraries:
c6e00000-cea00000 rw-p 00000000 00:00 0 
d7b00000-ffe00000 ---p 00000000 00:00 0 
ffe00000-ffe76000 rw-p 00ca0000 fc:01 163637612                          /usr/lib/jvm/java-17-openjdk-17.0.6.0.9-0.3.ea.el8.x86_64/lib/server/classes.jsa
ffe76000-fff00000 rw-p 00000000 00:00 0 
fff00000-fff83000 rw-p 00c1d000 fc:01 163637612                          /usr/lib/jvm/java-17-openjdk-17.0.6.0.9-0.3.ea.el8.x86_64/lib/server/classes.jsa
fff83000-100000000 rw-p 00000000 00:00 0 
800000000-800459000 rw-p 00001000 fc:01 163637612                        /usr/lib/jvm/java-17-openjdk-17.0.6.0.9-0.3.ea.el8.x86_64/lib/server/classes.jsa
800459000-800be4000 r--p 0045a000 fc:01 163637612                        /usr/lib/jvm/java-17-openjdk-17.0.6.0.9-0.3.ea.el8.x86_64/lib/server/classes.jsa
800be4000-800c00000 ---p 00000000 00:00 0 
800c00000-800c40000 rw-p 00000000 00:00 0 
800c40000-800c80000 rw-p 00000000 00:00 0 
800c80000-800ce0000 rw-p 00000000 00:00 0 
800ce0000-800d00000 rw-p 00000000 00:00 0 
800d00000-800de0000 rw-p 00000000 00:00 0 
800de0000-800e00000 rw-p 00000000 00:00 0 
800e00000-800f40000 rw-p 00000000 00:00 0 
800f40000-800f80000 rw-p 00000000 00:00 0 
800f80000-801040000 rw-p 00000000 00:00 0 
801040000-8010c0000 rw-p 00000000 00:00 0 
8010c0000-801100000 rw-p 00000000 00:00 0 
801100000-801260000 rw-p 00000000 00:00 0 
801260000-840c00000 ---p 00000000 00:00 0 
5603452c1000-5603452c2000 r-xp 00000000 fc:01 25303276                   /usr/lib/jvm/java-17-openjdk-17.0.6.0.9-0.3.ea.el8.x86_64/bin/java
5603454c2000-5603454c3000 r--p 00001000 fc:01 25303276                   /usr/lib/jvm/java-17-openjdk-17.0.6.0.9-0.3.ea.el8.x86_64/bin/java
5603454c3000-5603454c4000 rw-p 00002000 fc:01 25303276                   /usr/lib/jvm/java-17-openjdk-17.0.6.0.9-0.3.ea.el8.x86_64/bin/java
5603454df000-560345590000 rw-p 00000000 00:00 0                          [heap]
7f7450000000-7f7450021000 rw-p 00000000 00:00 0 
7f7450021000-7f7454000000 ---p 00000000 00:00 0 
7f74557f6000-7f7456600000 rw-p 00000000 00:00 0 
7f7456600000-7f7456700000 rw-p 00000000 00:00 0 
7f7456700000-7f74567c0000 rw-p 00000000 00:00 0 
7f74567c0000-7f7456800000 ---p 00000000 00:00 0 
7f7456800000-7f74569c0000 rw-p 00000000 00:00 0 
7f74569c0000-7f7456c00000 ---p 00000000 00:00 0 
7f7456ef7000-7f7456efb000 ---p 00000000 00:00 0 
7f7456efb000-7f7456ff8000 rw-p 00000000 00:00 0 
7f7456ff8000-7f7456ffc000 ---p 00000000 00:00 0 
7f7456ffc000-7f74570f9000 rw-p 00000000 00:00 0 
7f74570f9000-7f74570fd000 ---p 00000000 00:00 0 
7f74570fd000-7f74571fa000 rw-p 00000000 00:00 0 
7f74571fa000-7f74571fe000 ---p 00000000 00:00 0 
7f74571fe000-7f74572fb000 rw-p 00000000 00:00 0 
7f74572fb000-7f74572ff000 ---p 00000000 00:00 0 
7f74572ff000-7f74573fc000 rw-p 00000000 00:00 0 
7f74573fc000-7f7457400000 ---p 00000000 00:00 0 
7f7457400000-7f74574fd000 rw-p 00000000 00:00 0 
7f74574fd000-7f7457501000 ---p 00000000 00:00 0 
7f7457501000-7f74575fe000 rw-p 00000000 00:00 0 
7f74575fe000-7f7457602000 ---p 00000000 00:00 0 
7f7457602000-7f74576ff000 rw-p 00000000 00:00 0 
7f74576ff000-7f7457703000 ---p 00000000 00:00 0 
7f7457703000-7f7457b80000 rw-p 00000000 00:00 0 
7f7457b80000-7f7457c00000 rw-p 00000000 00:00 0 
7f7457c00000-7f7457d00000 rw-p 00000000 00:00 0 
7f7457d00000-7f7457e00000 rw-p 00000000 00:00 0 
7f7457e00000-7f7458000000 rw-p 00000000 00:00 0 
7f7458000000-7f745a042000 rw-p 00000000 00:00 0 
7f745a042000-7f745c000000 ---p 00000000 00:00 0 
7f745c000000-7f745c6ee000 rw-p 00000000 00:00 0 
7f745c6ee000-7f7460000000 ---p 00000000 00:00 0 
7f7460000000-7f7460099000 rw-p 00000000 00:00 0 
7f7460099000-7f7464000000 ---p 00000000 00:00 0 
7f7464000000-7f7464366000 rw-p 00000000 00:00 0 
7f7464366000-7f7468000000 ---p 00000000 00:00 0 
7f7468000000-7f746804d000 rw-p 00000000 00:00 0 
7f746804d000-7f746c000000 ---p 00000000 00:00 0 
7f746c0d5000-7f746c0d9000 ---p 00000000 00:00 0 
7f746c0d9000-7f746c1d6000 rw-p 00000000 00:00 0 
7f746c1d6000-7f746c1da000 ---p 00000000 00:00 0 
7f746c1da000-7f746c2d7000 rw-p 00000000 00:00 0 
7f746c2d7000-7f746c2db000 ---p 00000000 00:00 0 
7f746c2db000-7f746c3d8000 rw-p 00000000 00:00 0 
7f746c3d8000-7f746c3dc000 ---p 00000000 00:00 0 
7f746c3dc000-7f746c4d9000 rw-p 00000000 00:00 0 
7f746c4d9000-7f746c4dd000 ---p 00000000 00:00 0 
7f746c4dd000-7f746c5da000 rw-p 00000000 00:00 0 
7f746c5da000-7f746c5de000 ---p 00000000 00:00 0 
7f746c5de000-7f746c6db000 rw-p 00000000 00:00 0 
7f746c6db000-7f746c6dc000 ---p 00000000 00:00 0 
7f746c6dc000-7f746c7dd000 rw-p 00000000 00:00 0 
7f746c7dd000-7f746c7f1000 r-xp 00000000 fc:01 96678                      /usr/lib64/libresolv-2.28.so
7f746c7f1000-7f746c9f1000 ---p 00014000 fc:01 96678                      /usr/lib64/libresolv-2.28.so
7f746c9f1000-7f746c9f2000 r--p 00014000 fc:01 96678                      /usr/lib64/libresolv-2.28.so
7f746c9f2000-7f746c9f3000 rw-p 00015000 fc:01 96678                      /usr/lib64/libresolv-2.28.so
7f746c9f3000-7f746c9f5000 rw-p 00000000 00:00 0 
7f746c9f5000-7f746c9fa000 r-xp 00000000 fc:01 9658                       /usr/lib64/libnss_dns-2.28.so
7f746c9fa000-7f746cbfa000 ---p 00005000 fc:01 9658                       /usr/lib64/libnss_dns-2.28.so
7f746cbfa000-7f746cbfb000 r--p 00005000 fc:01 9658                       /usr/lib64/libnss_dns-2.28.so
7f746cbfb000-7f746cbfc000 rw-p 00006000 fc:01 9658                       /usr/lib64/libnss_dns-2.28.so
7f746cbfc000-7f746cc00000 ---p 00000000 00:00 0 
7f746cc00000-7f746ccfd000 rw-p 00000000 00:00 0 
7f746ccfd000-7f746cd01000 ---p 00000000 00:00 0 
7f746cd01000-7f746cdfe000 rw-p 00000000 00:00 0 
7f746cdfe000-7f746ce02000 ---p 00000000 00:00 0 
7f746ce02000-7f746ceff000 rw-p 00000000 00:00 0 
7f746ceff000-7f746cf03000 ---p 00000000 00:00 0 
7f746cf03000-7f746d100000 rw-p 00000000 00:00 0 
7f746d100000-7f746d200000 rw-p 00000000 00:00 0 
7f746d200000-7f746d280000 rw-p 00000000 00:00 0 
7f746d280000-7f746d300000 rw-p 00000000 00:00 0 
7f746d300000-7f746d480000 rw-p 00000000 00:00 0 
7f746d480000-7f746d500000 rw-p 00000000 00:00 0 
7f746d500000-7f746d700000 rw-p 00000000 00:00 0 
7f746d700000-7f746d800000 rw-p 00000000 00:00 0 
7f746d8f8000-7f746d8fc000 ---p 00000000 00:00 0 
7f746d8fc000-7f746d9f9000 rw-p 00000000 00:00 0 
7f746d9f9000-7f746d9fd000 ---p 00000000 00:00 0 
7f746d9fd000-7f746dafa000 rw-p 00000000 00:00 0 
7f746dafa000-7f746dafe000 ---p 00000000 00:00 0 
7f746dafe000-7f746dbfb000 rw-p 00000000 00:00 0 
7f746dbfb000-7f746dbff000 ---p 00000000 00:00 0 
7f746dbff000-7f746dcfc000 rw-p 00000000 00:00 0 
7f746dcfc000-7f746dcfe000 r-xp 00000000 fc:01 155230640                  /usr/lib/jvm/java-17-openjdk-17.0.6.0.9-0.3.ea.el8.x86_64/lib/libextnet.so
7f746dcfe000-7f746defd000 ---p 00002000 fc:01 155230640                  /usr/lib/jvm/java-17-openjdk-17.0.6.0.9-0.3.ea.el8.x86_64/lib/libextnet.so
7f746defd000-7f746defe000 r--p 00001000 fc:01 155230640                  /usr/lib/jvm/java-17-openjdk-17.0.6.0.9-0.3.ea.el8.x86_64/lib/libextnet.so
7f746defe000-7f746deff000 rw-p 00000000 00:00 0 
7f746deff000-7f746df03000 ---p 00000000 00:00 0 
7f746df03000-7f746e180000 rw-p 00000000 00:00 0 
7f746e180000-7f746e200000 rw-p 00000000 00:00 0 
7f746e200000-7f746e380000 rw-p 00000000 00:00 0 
7f746e380000-7f746e400000 rw-p 00000000 00:00 0 
7f746e400000-7f746e600000 rw-p 00000000 00:00 0 
7f746e600000-7f746e800000 rw-p 00000000 00:00 0 
7f746e800000-7f746f000000 rw-p 00000000 00:00 0 
7f746f04a000-7f747c000000 r--p 00000000 fc:01 400767                     /usr/lib/locale/locale-archive
7f747c000000-7f747c0fe000 rw-p 00000000 00:00 0 
7f747c0fe000-7f7480000000 ---p 00000000 00:00 0 
7f7480000000-7f7480116000 rw-p 00000000 00:00 0 
7f7480116000-7f7484000000 ---p 00000000 00:00 0 
7f7484000000-7f7484095000 rw-p 00000000 00:00 0 
7f7484095000-7f7488000000 ---p 00000000 00:00 0 
7f7488000000-7f748863f000 rw-p 00000000 00:00 0 
7f748863f000-7f748c000000 ---p 00000000 00:00 0 
7f748c000000-7f748c1c6000 rw-p 00000000 00:00 0 
7f748c1c6000-7f7490000000 ---p 00000000 00:00 0 
7f74900dc000-7f74900e0000 ---p 00000000 00:00 0 
7f74900e0000-7f74901dd000 rw-p 00000000 00:00 0 
7f74901dd000-7f74901e1000 ---p 00000000 00:00 0 
7f74901e1000-7f74902de000 rw-p 00000000 00:00 0 
7f74902de000-7f74902e4000 r-xp 00000000 fc:01 155265064                  /usr/lib/jvm/java-17-openjdk-17.0.6.0.9-0.3.ea.el8.x86_64/lib/libmanagement_ext.so
7f74902e4000-7f74904e3000 ---p 00006000 fc:01 155265064                  /usr/lib/jvm/java-17-openjdk-17.0.6.0.9-0.3.ea.el8.x86_64/lib/libmanagement_ext.so
7f74904e3000-7f74904e4000 r--p 00005000 fc:01 155265064                  /usr/lib/jvm/java-17-openjdk-17.0.6.0.9-0.3.ea.el8.x86_64/lib/libmanagement_ext.so
7f74904e4000-7f74904e5000 rw-p 00000000 00:00 0 
7f74904e5000-7f74904e9000 r-xp 00000000 fc:01 155265062                  /usr/lib/jvm/java-17-openjdk-17.0.6.0.9-0.3.ea.el8.x86_64/lib/libmanagement.so
7f74904e9000-7f74906e8000 ---p 00004000 fc:01 155265062                  /usr/lib/jvm/java-17-openjdk-17.0.6.0.9-0.3.ea.el8.x86_64/lib/libmanagement.so
7f74906e8000-7f74906e9000 r--p 00003000 fc:01 155265062                  /usr/lib/jvm/java-17-openjdk-17.0.6.0.9-0.3.ea.el8.x86_64/lib/libmanagement.so
7f74906e9000-7f74906ea000 rw-p 00000000 00:00 0 
7f74906ea000-7f74906f7000 r-xp 00000000 fc:01 155232770                  /usr/lib/jvm/java-17-openjdk-17.0.6.0.9-0.3.ea.el8.x86_64/lib/libverify.so
7f74906f7000-7f74908f6000 ---p 0000d000 fc:01 155232770                  /usr/lib/jvm/java-17-openjdk-17.0.6.0.9-0.3.ea.el8.x86_64/lib/libverify.so
7f74908f6000-7f74908f8000 r--p 0000c000 fc:01 155232770                  /usr/lib/jvm/java-17-openjdk-17.0.6.0.9-0.3.ea.el8.x86_64/lib/libverify.so
7f74908f8000-7f74908f9000 rw-p 00000000 00:00 0 
7f74908f9000-7f74908fa000 ---p 00000000 00:00 0 
7f74908fa000-7f74909fb000 rw-p 00000000 00:00 0 
7f74909fb000-7f7490a37000 r-xp 00000000 fc:01 88319                      /usr/lib64/libnspr4.so
7f7490a37000-7f7490c36000 ---p 0003c000 fc:01 88319                      /usr/lib64/libnspr4.so
7f7490c36000-7f7490c38000 r--p 0003b000 fc:01 88319                      /usr/lib64/libnspr4.so
7f7490c38000-7f7490c39000 rw-p 0003d000 fc:01 88319                      /usr/lib64/libnspr4.so
7f7490c39000-7f7490c3c000 rw-p 00000000 00:00 0 
7f7490c3c000-7f7490c3f000 r-xp 00000000 fc:01 854236                     /usr/lib64/libplds4.so
7f7490c3f000-7f7490e3e000 ---p 00003000 fc:01 854236                     /usr/lib64/libplds4.so
7f7490e3e000-7f7490e3f000 r--p 00002000 fc:01 854236                     /usr/lib64/libplds4.so
7f7490e3f000-7f7490e40000 rw-p 00003000 fc:01 854236                     /usr/lib64/libplds4.so
7f7490e40000-7f7490e44000 r-xp 00000000 fc:01 401204                     /usr/lib64/libplc4.so
7f7490e44000-7f7491043000 ---p 00004000 fc:01 401204                     /usr/lib64/libplc4.so
7f7491043000-7f7491044000 r--p 00003000 fc:01 401204                     /usr/lib64/libplc4.so
7f7491044000-7f7491045000 rw-p 00004000 fc:01 401204                     /usr/lib64/libplc4.so
7f7491045000-7f749106f000 r-xp 00000000 fc:01 20799                      /usr/lib64/libnssutil3.so
7f749106f000-7f749126f000 ---p 0002a000 fc:01 20799                      /usr/lib64/libnssutil3.so
7f749126f000-7f7491276000 r--p 0002a000 fc:01 20799                      /usr/lib64/libnssutil3.so
7f7491276000-7f7491277000 rw-p 00031000 fc:01 20799                      /usr/lib64/libnssutil3.so
7f7491277000-7f74913aa000 r-xp 00000000 fc:01 92413                      /usr/lib64/libnss3.so
7f74913aa000-7f74915a9000 ---p 00133000 fc:01 92413                      /usr/lib64/libnss3.so
7f74915a9000-7f74915b0000 r--p 00132000 fc:01 92413                      /usr/lib64/libnss3.so
7f74915b0000-7f74915b1000 rw-p 00139000 fc:01 92413                      /usr/lib64/libnss3.so
7f74915b1000-7f74915b3000 rw-p 00000000 00:00 0 
7f74915b3000-7f74915b5000 r-xp 00000000 fc:01 155232769                  /usr/lib/jvm/java-17-openjdk-17.0.6.0.9-0.3.ea.el8.x86_64/lib/libsystemconf.so
7f74915b5000-7f74917b4000 ---p 00002000 fc:01 155232769                  /usr/lib/jvm/java-17-openjdk-17.0.6.0.9-0.3.ea.el8.x86_64/lib/libsystemconf.so
7f74917b4000-7f74917b5000 r--p 00001000 fc:01 155232769                  /usr/lib/jvm/java-17-openjdk-17.0.6.0.9-0.3.ea.el8.x86_64/lib/libsystemconf.so
7f74917b5000-7f74917b6000 rw-p 00000000 00:00 0 
7f74917b6000-7f74917d1000 r-xp 00000000 fc:01 155232771                  /usr/lib/jvm/java-17-openjdk-17.0.6.0.9-0.3.ea.el8.x86_64/lib/libzip.so
7f74917d1000-7f74919d0000 ---p 0001b000 fc:01 155232771                  /usr/lib/jvm/java-17-openjdk-17.0.6.0.9-0.3.ea.el8.x86_64/lib/libzip.so
7f74919d0000-7f74919d1000 r--p 0001a000 fc:01 155232771                  /usr/lib/jvm/java-17-openjdk-17.0.6.0.9-0.3.ea.el8.x86_64/lib/libzip.so
7f74919d1000-7f74919d2000 rw-p 00000000 00:00 0 
7f74919d2000-7f74919e7000 r-xp 00000000 fc:01 155265066                  /usr/lib/jvm/java-17-openjdk-17.0.6.0.9-0.3.ea.el8.x86_64/lib/libnet.so
7f74919e7000-7f7491be7000 ---p 00015000 fc:01 155265066                  /usr/lib/jvm/java-17-openjdk-17.0.6.0.9-0.3.ea.el8.x86_64/lib/libnet.so
7f7491be7000-7f7491be8000 r--p 00015000 fc:01 155265066                  /usr/lib/jvm/java-17-openjdk-17.0.6.0.9-0.3.ea.el8.x86_64/lib/libnet.so
7f7491be8000-7f7491be9000 rw-p 00016000 fc:01 155265066                  /usr/lib/jvm/java-17-openjdk-17.0.6.0.9-0.3.ea.el8.x86_64/lib/libnet.so
7f7491be9000-7f7491bfc000 r-xp 00000000 fc:01 155265067                  /usr/lib/jvm/java-17-openjdk-17.0.6.0.9-0.3.ea.el8.x86_64/lib/libnio.so
7f7491bfc000-7f7491dfb000 ---p 00013000 fc:01 155265067                  /usr/lib/jvm/java-17-openjdk-17.0.6.0.9-0.3.ea.el8.x86_64/lib/libnio.so
7f7491dfb000-7f7491dfc000 r--p 00012000 fc:01 155265067                  /usr/lib/jvm/java-17-openjdk-17.0.6.0.9-0.3.ea.el8.x86_64/lib/libnio.so
7f7491dfc000-7f7491dfd000 rw-p 00013000 fc:01 155265067                  /usr/lib/jvm/java-17-openjdk-17.0.6.0.9-0.3.ea.el8.x86_64/lib/libnio.so
7f7491dfd000-7f7491e01000 ---p 00000000 00:00 0 
7f7491e01000-7f7491efe000 rw-p 00000000 00:00 0 
7f7491efe000-7f7491eff000 ---p 00000000 00:00 0 
7f7491eff000-7f7494000000 rw-p 00000000 00:00 0 
7f7494000000-7f749408a000 rw-p 00000000 00:00 0 
7f749408a000-7f7498000000 ---p 00000000 00:00 0 
7f7498000000-7f74980dc000 rw-p 00000000 00:00 0 
7f74980dc000-7f749c000000 ---p 00000000 00:00 0 
7f749c000000-7f749c065000 rw-p 00000000 00:00 0 
7f749c065000-7f74a0000000 ---p 00000000 00:00 0 
7f74a00fd000-7f74a0101000 ---p 00000000 00:00 0 
7f74a0101000-7f74a01fe000 rw-p 00000000 00:00 0 
7f74a01fe000-7f74a0202000 ---p 00000000 00:00 0 
7f74a0202000-7f74a02ff000 rw-p 00000000 00:00 0 
7f74a02ff000-7f74a0303000 ---p 00000000 00:00 0 
7f74a0303000-7f74a0800000 rw-p 00000000 00:00 0 
7f74a0800000-7f74a0c00000 rw-p 00000000 00:00 0 
7f74a0c51000-7f74a0c55000 ---p 00000000 00:00 0 
7f74a0c55000-7f74a0d52000 rw-p 00000000 00:00 0 
7f74a0d52000-7f74a0d56000 ---p 00000000 00:00 0 
7f74a0d56000-7f74a0e53000 rw-p 00000000 00:00 0 
7f74a0e53000-7f74a0e57000 ---p 00000000 00:00 0 
7f74a0e57000-7f74a0f54000 rw-p 00000000 00:00 0 
7f74a0f54000-7f74a2334000 rwxp 00000000 00:00 0 
7f74a2334000-7f74a848c000 ---p 00000000 00:00 0 
7f74a848c000-7f74a86fc000 rwxp 00000000 00:00 0 
7f74a86fc000-7f74a8a1b000 ---p 00000000 00:00 0 
7f74a8a1b000-7f74a908b000 rwxp 00000000 00:00 0 
7f74a908b000-7f74aff54000 ---p 00000000 00:00 0 
7f74aff54000-7f74b8000000 r--s 00000000 fc:01 155232772                  /usr/lib/jvm/java-17-openjdk-17.0.6.0.9-0.3.ea.el8.x86_64/lib/modules
7f74b8000000-7f74b8dcc000 rw-p 00000000 00:00 0 
7f74b8dcc000-7f74bc000000 ---p 00000000 00:00 0 
7f74bc06a000-7f74bc06e000 ---p 00000000 00:00 0 
7f74bc06e000-7f74bc16b000 rw-p 00000000 00:00 0 
7f74bc16b000-7f74bc16f000 ---p 00000000 00:00 0 
7f74bc16f000-7f74bc26c000 rw-p 00000000 00:00 0 
7f74bc26c000-7f74bc270000 ---p 00000000 00:00 0 
7f74bc270000-7f74bc36d000 rw-p 00000000 00:00 0 
7f74bc36d000-7f74bc36e000 ---p 00000000 00:00 0 
7f74bc36e000-7f74bc46f000 rw-p 00000000 00:00 0 
7f74bc46f000-7f74bc53c000 r-xp 00000000 fc:01 155230655                  /usr/lib/jvm/java-17-openjdk-17.0.6.0.9-0.3.ea.el8.x86_64/lib/libjsvml.so
7f74bc53c000-7f74bc73b000 ---p 000cd000 fc:01 155230655                  /usr/lib/jvm/java-17-openjdk-17.0.6.0.9-0.3.ea.el8.x86_64/lib/libjsvml.so
7f74bc73b000-7f74bc73c000 r--p 000cc000 fc:01 155230655                  /usr/lib/jvm/java-17-openjdk-17.0.6.0.9-0.3.ea.el8.x86_64/lib/libjsvml.so
7f74bc73c000-7f74bc73d000 rw-p 000cd000 fc:01 155230655                  /usr/lib/jvm/java-17-openjdk-17.0.6.0.9-0.3.ea.el8.x86_64/lib/libjsvml.so
7f74bc73d000-7f74bc7be000 rw-p 00000000 00:00 0 
7f74bc7be000-7f74bc7bf000 ---p 00000000 00:00 0 
7f74bc7bf000-7f74bc8c0000 rw-p 00000000 00:00 0 
7f74bc8c0000-7f74bc8c1000 ---p 00000000 00:00 0 
7f74bc8c1000-7f74bcbc4000 rw-p 00000000 00:00 0 
7f74bcbc4000-7f74bcbc5000 ---p 00000000 00:00 0 
7f74bcbc5000-7f74bccc6000 rw-p 00000000 00:00 0 
7f74bccc6000-7f74bccc7000 ---p 00000000 00:00 0 
7f74bccc7000-7f74bcdc8000 rw-p 00000000 00:00 0 
7f74bcdc8000-7f74bcdc9000 ---p 00000000 00:00 0 
7f74bcdc9000-7f74bd0ba000 rw-p 00000000 00:00 0 
7f74bd0ba000-7f74bdd0a000 ---p 00000000 00:00 0 
7f74bdd0a000-7f74bdf02000 rw-p 00000000 00:00 0 
7f74bdf02000-7f74beb52000 ---p 00000000 00:00 0 
7f74beb52000-7f74beb98000 rw-p 00000000 00:00 0 
7f74beb98000-7f74bed22000 ---p 00000000 00:00 0 
7f74bed22000-7f74bed61000 rw-p 00000000 00:00 0 
7f74bed61000-7f74beeeb000 ---p 00000000 00:00 0 
7f74beeeb000-7f74bef2a000 rw-p 00000000 00:00 0 
7f74bef2a000-7f74bf0b4000 ---p 00000000 00:00 0 
7f74bf0b4000-7f74bf2c4000 rw-p 00000000 00:00 0 
7f74bf2c4000-7f74bf3a2000 ---p 00000000 00:00 0 
7f74bf3a2000-7f74bf3ca000 rw-p 00000000 00:00 0 
7f74bf3ca000-7f74bf48d000 ---p 00000000 00:00 0 
7f74bf48d000-7f74bf4b2000 r-xp 00000000 fc:01 155230648                  /usr/lib/jvm/java-17-openjdk-17.0.6.0.9-0.3.ea.el8.x86_64/lib/libjava.so
7f74bf4b2000-7f74bf6b1000 ---p 00025000 fc:01 155230648                  /usr/lib/jvm/java-17-openjdk-17.0.6.0.9-0.3.ea.el8.x86_64/lib/libjava.so
7f74bf6b1000-7f74bf6b2000 r--p 00024000 fc:01 155230648                  /usr/lib/jvm/java-17-openjdk-17.0.6.0.9-0.3.ea.el8.x86_64/lib/libjava.so
7f74bf6b2000-7f74bf6b3000 rw-p 00025000 fc:01 155230648                  /usr/lib/jvm/java-17-openjdk-17.0.6.0.9-0.3.ea.el8.x86_64/lib/libjava.so
7f74bf6b3000-7f74bf6b4000 rw-p 00000000 00:00 0 
7f74bf6b4000-7f74bf6bf000 r-xp 00000000 fc:01 96672                      /usr/lib64/libnss_files-2.28.so
7f74bf6bf000-7f74bf8bf000 ---p 0000b000 fc:01 96672                      /usr/lib64/libnss_files-2.28.so
7f74bf8bf000-7f74bf8c0000 r--p 0000b000 fc:01 96672                      /usr/lib64/libnss_files-2.28.so
7f74bf8c0000-7f74bf8c1000 rw-p 0000c000 fc:01 96672                      /usr/lib64/libnss_files-2.28.so
7f74bf8c1000-7f74bf8c7000 rw-p 00000000 00:00 0 
7f74bf8c7000-7f74bf8e2000 r-xp 00000000 fc:01 155230651                  /usr/lib/jvm/java-17-openjdk-17.0.6.0.9-0.3.ea.el8.x86_64/lib/libjimage.so
7f74bf8e2000-7f74bfae2000 ---p 0001b000 fc:01 155230651                  /usr/lib/jvm/java-17-openjdk-17.0.6.0.9-0.3.ea.el8.x86_64/lib/libjimage.so
7f74bfae2000-7f74bfae4000 r--p 0001b000 fc:01 155230651                  /usr/lib/jvm/java-17-openjdk-17.0.6.0.9-0.3.ea.el8.x86_64/lib/libjimage.so
7f74bfae4000-7f74bfae5000 rw-p 0001d000 fc:01 155230651                  /usr/lib/jvm/java-17-openjdk-17.0.6.0.9-0.3.ea.el8.x86_64/lib/libjimage.so
7f74bfae5000-7f74bfc65000 r-xp 00000000 fc:01 76945                      /usr/lib64/libm-2.28.so
7f74bfc65000-7f74bfe65000 ---p 00180000 fc:01 76945                      /usr/lib64/libm-2.28.so
7f74bfe65000-7f74bfe66000 r--p 00180000 fc:01 76945                      /usr/lib64/libm-2.28.so
7f74bfe66000-7f74bfe67000 rw-p 00181000 fc:01 76945                      /usr/lib64/libm-2.28.so
7f74bfe67000-7f74bfe6e000 r-xp 00000000 fc:01 96679                      /usr/lib64/librt-2.28.so
7f74bfe6e000-7f74c006d000 ---p 00007000 fc:01 96679                      /usr/lib64/librt-2.28.so
7f74c006d000-7f74c006e000 r--p 00006000 fc:01 96679                      /usr/lib64/librt-2.28.so
7f74c006e000-7f74c006f000 rw-p 00007000 fc:01 96679                      /usr/lib64/librt-2.28.so
7f74c006f000-7f74c1303000 r-xp 00000000 fc:01 163637611                  /usr/lib/jvm/java-17-openjdk-17.0.6.0.9-0.3.ea.el8.x86_64/lib/server/libjvm.so
7f74c1303000-7f74c1503000 ---p 01294000 fc:01 163637611                  /usr/lib/jvm/java-17-openjdk-17.0.6.0.9-0.3.ea.el8.x86_64/lib/server/libjvm.so
7f74c1503000-7f74c15bc000 r--p 01294000 fc:01 163637611                  /usr/lib/jvm/java-17-openjdk-17.0.6.0.9-0.3.ea.el8.x86_64/lib/server/libjvm.so
7f74c15bc000-7f74c15f1000 rw-p 0134d000 fc:01 163637611                  /usr/lib/jvm/java-17-openjdk-17.0.6.0.9-0.3.ea.el8.x86_64/lib/server/libjvm.so
7f74c15f1000-7f74c164b000 rw-p 00000000 00:00 0 
7f74c164b000-7f74c1807000 r-xp 00000000 fc:01 9648                       /usr/lib64/libc-2.28.so
7f74c1807000-7f74c1a06000 ---p 001bc000 fc:01 9648                       /usr/lib64/libc-2.28.so
7f74c1a06000-7f74c1a0a000 r--p 001bb000 fc:01 9648                       /usr/lib64/libc-2.28.so
7f74c1a0a000-7f74c1a0c000 rw-p 001bf000 fc:01 9648                       /usr/lib64/libc-2.28.so
7f74c1a0c000-7f74c1a10000 rw-p 00000000 00:00 0 
7f74c1a10000-7f74c1a13000 r-xp 00000000 fc:01 44582                      /usr/lib64/libdl-2.28.so
7f74c1a13000-7f74c1c12000 ---p 00003000 fc:01 44582                      /usr/lib64/libdl-2.28.so
7f74c1c12000-7f74c1c13000 r--p 00002000 fc:01 44582                      /usr/lib64/libdl-2.28.so
7f74c1c13000-7f74c1c14000 rw-p 00003000 fc:01 44582                      /usr/lib64/libdl-2.28.so
7f74c1c14000-7f74c1c2f000 r-xp 00000000 fc:01 96676                      /usr/lib64/libpthread-2.28.so
7f74c1c2f000-7f74c1e2e000 ---p 0001b000 fc:01 96676                      /usr/lib64/libpthread-2.28.so
7f74c1e2e000-7f74c1e2f000 r--p 0001a000 fc:01 96676                      /usr/lib64/libpthread-2.28.so
7f74c1e2f000-7f74c1e30000 rw-p 0001b000 fc:01 96676                      /usr/lib64/libpthread-2.28.so
7f74c1e30000-7f74c1e34000 rw-p 00000000 00:00 0 
7f74c1e34000-7f74c1e4c000 r-xp 00000000 fc:01 155230652                  /usr/lib/jvm/java-17-openjdk-17.0.6.0.9-0.3.ea.el8.x86_64/lib/libjli.so
7f74c1e4c000-7f74c204b000 ---p 00018000 fc:01 155230652                  /usr/lib/jvm/java-17-openjdk-17.0.6.0.9-0.3.ea.el8.x86_64/lib/libjli.so
7f74c204b000-7f74c204c000 r--p 00017000 fc:01 155230652                  /usr/lib/jvm/java-17-openjdk-17.0.6.0.9-0.3.ea.el8.x86_64/lib/libjli.so
7f74c204c000-7f74c204d000 rw-p 00018000 fc:01 155230652                  /usr/lib/jvm/java-17-openjdk-17.0.6.0.9-0.3.ea.el8.x86_64/lib/libjli.so
7f74c204d000-7f74c207b000 r-xp 00000000 fc:01 684387                     /usr/lib64/ld-2.28.so
7f74c209b000-7f74c20a2000 r--s 00000000 fc:01 8875738                    /usr/lib64/gconv/gconv-modules.cache
7f74c20a2000-7f74c2162000 rw-p 00000000 00:00 0 
7f74c2162000-7f74c2169000 ---p 00000000 00:00 0 
7f74c2169000-7f74c2171000 rw-s 00000000 fc:01 109155009                  /tmp/hsperfdata_root/4031124
7f74c2171000-7f74c2175000 ---p 00000000 00:00 0 
7f74c2175000-7f74c2274000 rw-p 00000000 00:00 0 
7f74c2276000-7f74c2277000 ---p 00000000 00:00 0 
7f74c2277000-7f74c2278000 r--p 00000000 00:00 0 
7f74c2278000-7f74c2279000 ---p 00000000 00:00 0 
7f74c2279000-7f74c227b000 rw-p 00000000 00:00 0 
7f74c227b000-7f74c227c000 r--p 0002e000 fc:01 684387                     /usr/lib64/ld-2.28.so
7f74c227c000-7f74c227e000 rw-p 0002f000 fc:01 684387                     /usr/lib64/ld-2.28.so
7fff5aa62000-7fff5aa83000 rw-p 00000000 00:00 0                          [stack]
7fff5aac2000-7fff5aac6000 r--p 00000000 00:00 0                          [vvar]
7fff5aac6000-7fff5aac8000 r-xp 00000000 00:00 0                          [vdso]
ffffffffff600000-ffffffffff601000 r-xp 00000000 00:00 0                  [vsyscall]


VM Arguments:
java_command: /root/folder_name/job4joblessbackend/target/oragejobsite-0.0.1-SNAPSHOT.jar
java_class_path (initial): /root/folder_name/job4joblessbackend/target/oragejobsite-0.0.1-SNAPSHOT.jar
Launcher Type: SUN_STANDARD

[Global flags]
     intx CICompilerCount                          = 2                                         {product} {ergonomic}
     uint ConcGCThreads                            = 1                                         {product} {ergonomic}
     uint G1ConcRefinementThreads                  = 2                                         {product} {ergonomic}
   size_t G1HeapRegionSize                         = 1048576                                   {product} {ergonomic}
    uintx GCDrainStackTargetSize                   = 64                                        {product} {ergonomic}
   size_t InitialHeapSize                          = 60817408                                  {product} {ergonomic}
   size_t MarkStackSize                            = 4194304                                   {product} {ergonomic}
   size_t MaxHeapSize                              = 958398464                                 {product} {ergonomic}
   size_t MaxNewSize                               = 574619648                                 {product} {ergonomic}
   size_t MinHeapDeltaBytes                        = 1048576                                   {product} {ergonomic}
   size_t MinHeapSize                              = 8388608                                   {product} {ergonomic}
    uintx NonNMethodCodeHeapSize                   = 5826188                                {pd product} {ergonomic}
    uintx NonProfiledCodeHeapSize                  = 122916026                              {pd product} {ergonomic}
    uintx ProfiledCodeHeapSize                     = 122916026                              {pd product} {ergonomic}
    uintx ReservedCodeCacheSize                    = 251658240                              {pd product} {ergonomic}
     bool SegmentedCodeCache                       = true                                      {product} {ergonomic}
   size_t SoftMaxHeapSize                          = 958398464                              {manageable} {ergonomic}
     bool UseCompressedClassPointers               = true                           {product lp64_product} {ergonomic}
     bool UseCompressedOops                        = true                           {product lp64_product} {ergonomic}
     bool UseG1GC                                  = true                                      {product} {ergonomic}

Logging:
Log output configuration:
 #0: stdout all=warning uptime,level,tags
 #1: stderr all=off uptime,level,tags

Environment Variables:
PATH=/usr/local/sbin:/usr/local/bin:/usr/sbin:/usr/bin
SHELL=/bin/sh
LANG=en_US.UTF-8

Signal Handlers:
   SIGSEGV: crash_handler in libjvm.so, mask=11100100010111111101111111111110, flags=SA_RESTART|SA_SIGINFO
    SIGBUS: crash_handler in libjvm.so, mask=11100100010111111101111111111110, flags=SA_RESTART|SA_SIGINFO
    SIGFPE: crash_handler in libjvm.so, mask=11100100010111111101111111111110, flags=SA_RESTART|SA_SIGINFO
   SIGPIPE: javaSignalHandler in libjvm.so, mask=11100100010111111101111111111110, flags=SA_RESTART|SA_SIGINFO
   SIGXFSZ: javaSignalHandler in libjvm.so, mask=11100100010111111101111111111110, flags=SA_RESTART|SA_SIGINFO
    SIGILL: crash_handler in libjvm.so, mask=11100100010111111101111111111110, flags=SA_RESTART|SA_SIGINFO
   SIGUSR2: SR_handler in libjvm.so, mask=00000000000000000000000000000000, flags=SA_RESTART|SA_SIGINFO
    SIGHUP: UserHandler in libjvm.so, mask=11100100010111111101111111111110, flags=SA_RESTART|SA_SIGINFO
    SIGINT: UserHandler in libjvm.so, mask=11100100010111111101111111111110, flags=SA_RESTART|SA_SIGINFO
   SIGTERM: UserHandler in libjvm.so, mask=11100100010111111101111111111110, flags=SA_RESTART|SA_SIGINFO
   SIGQUIT: UserHandler in libjvm.so, mask=11100100010111111101111111111110, flags=SA_RESTART|SA_SIGINFO
   SIGTRAP: crash_handler in libjvm.so, mask=11100100010111111101111111111110, flags=SA_RESTART|SA_SIGINFO


---------------  S Y S T E M  ---------------

OS:
CentOS Stream release 8
uname: Linux 4.18.0-513.el8.x86_64 #1 SMP Fri Aug 25 14:33:28 UTC 2023 x86_64
OS uptime: 178 days 5:41 hours
libc: glibc 2.28 NPTL 2.28 
rlimit (soft/hard): STACK 8192k/infinity , CORE 0k/infinity , NPROC 14298/14298 , NOFILE 262144/262144 , AS infinity/infinity , CPU infinity/infinity , DATA infinity/infinity , FSIZE infinity/infinity , MEMLOCK 64k/64k
load average: 26.88 26.85 18.49

/proc/meminfo:
MemTotal:        3741192 kB
MemFree:          686364 kB
MemAvailable:     659064 kB
Buffers:               0 kB
Cached:           335664 kB
SwapCached:            0 kB
Active:           140292 kB
Inactive:        2706140 kB
Active(anon):     114956 kB
Inactive(anon):  2579808 kB
Active(file):      25336 kB
Inactive(file):   126332 kB
Unevictable:        3072 kB
Mlocked:               0 kB
SwapTotal:             0 kB
SwapFree:              0 kB
Dirty:                 4 kB
Writeback:             0 kB
AnonPages:       2498164 kB
Mapped:            46044 kB
Shmem:            183864 kB
KReclaimable:      32568 kB
Slab:              97392 kB
SReclaimable:      32568 kB
SUnreclaim:        64824 kB
KernelStack:        4532 kB
PageTables:        61728 kB
NFS_Unstable:          0 kB
Bounce:                0 kB
WritebackTmp:          0 kB
CommitLimit:     1870596 kB
Committed_AS:    2520976 kB
VmallocTotal:   34359738367 kB
VmallocUsed:       25112 kB
VmallocChunk:          0 kB
Percpu:              960 kB
HardwareCorrupted:     0 kB
AnonHugePages:    876544 kB
ShmemHugePages:        0 kB
ShmemPmdMapped:        0 kB
FileHugePages:         0 kB
FilePmdMapped:         0 kB
HugePages_Total:       0
HugePages_Free:        0
HugePages_Rsvd:        0
HugePages_Surp:        0
Hugepagesize:       2048 kB
Hugetlb:               0 kB
DirectMap4k:      767840 kB
DirectMap2M:     3426304 kB

/sys/kernel/mm/transparent_hugepage/enabled: [always] madvise never
/sys/kernel/mm/transparent_hugepage/defrag (defrag/compaction efforts parameter): always defer defer+madvise [madvise] never

Process Memory:
Virtual Size: 3687036K (peak: 3827256K)
Resident Set Size: 297632K (peak: 313260K) (anon: 297632K, file: 0K, shmem: 0K)
Swapped out: 0K
C-Heap outstanding allocations: 40153K, retained: 40154K
glibc malloc tunables: (default)

/proc/sys/kernel/threads-max (system-wide limit on the number of threads): 28596
/proc/sys/vm/max_map_count (maximum number of memory map areas a process may have): 65530
/proc/sys/kernel/pid_max (system-wide limit on number of process identifiers): 4194304

container (cgroup) information:
container_type: cgroupv1
cpu_cpuset_cpus: 0-1
cpu_memory_nodes: 0
active_processor_count: 2
cpu_quota: no quota
cpu_period: 100000
cpu_shares: no shares
memory_limit_in_bytes: unlimited
memory_and_swap_limit_in_bytes: unlimited
memory_soft_limit_in_bytes: unlimited
memory_usage_in_bytes: 326324 k
memory_max_usage_in_bytes: 326324 k
kernel_memory_usage_in_bytes: 2556 k
kernel_memory_max_usage_in_bytes: unlimited
kernel_memory_limit_in_bytes: 2560 k
maximum number of tasks: 22876
current number of tasks: 46

KVM virtualization detected
Steal ticks since vm start: 2418
Steal ticks percentage since vm start:  0.001

CPU: total 2 (initial active 2) (2 cores per cpu, 1 threads per core) family 6 model 63 stepping 2 microcode 0x1, cx8, cmov, fxsr, mmx, sse, sse2, sse3, ssse3, sse4.1, sse4.2, popcnt, lzcnt, tsc, avx, avx2, aes, erms, clmul, bmi1, bmi2, fma, vzeroupper, clflush, hv
CPU Model and flags from /proc/cpuinfo:
model name	: DO-Regular
flags		: fpu vme de pse tsc msr pae mce cx8 apic sep mtrr pge mca cmov pat pse36 clflush mmx fxsr sse sse2 ss ht syscall nx rdtscp lm constant_tsc rep_good nopl xtopology cpuid tsc_known_freq pni pclmulqdq vmx ssse3 fma cx16 pcid sse4_1 sse4_2 x2apic movbe popcnt tsc_deadline_timer aes xsave avx f16c rdrand hypervisor lahf_lm abm cpuid_fault invpcid_single pti ssbd ibrs ibpb tpr_shadow vnmi flexpriority ept vpid ept_ad fsgsbase tsc_adjust bmi1 avx2 smep bmi2 erms invpcid xsaveopt arat md_clear

Online cpus: 0-1
Offline cpus: 
BIOS frequency limitation: <Not Available>
Frequency switch latency (ns): <Not Available>
Available cpu frequencies: <Not Available>
Current governor: <Not Available>
Core performance/turbo boost: <Not Available>

Memory: 4k page, physical 3741192k(754908k free), swap 0k(0k free)
Page Sizes: 4k

vm_info: OpenJDK 64-Bit Server VM (17.0.6-ea+9-LTS) for linux-amd64 JRE (17.0.6-ea+9-LTS), built on Jan 16 2023 15:41:27 by "mockbuild" with gcc 8.5.0 20210514 (Red Hat 8.5.0-18)

END.
